2016-10-25T18:08:17.018Z - info: Redirecting to home page || user_id :580da1f36558be29d4cbde2f
2016-10-25T18:08:22.471Z - info: Displaying items for home page || user_id :580da1f36558be29d4cbde2f
2016-10-25T18:08:48.247Z - info: Redirecting to detail page || user_id :580da1f36558be29d4cbde2f
2016-10-25T18:08:49.698Z - info: Displaying items for detail page || user_id :580da1f36558be29d4cbde2f
2016-10-25T18:08:54.481Z - info: confirming order and redirecting to payment page || user_id :580da1f36558be29d4cbde2f
2016-10-25T18:08:54.676Z - info: Redirecting to payment page || user_id :580da1f36558be29d4cbde2f
2016-10-25T18:08:55.829Z - info: Displaying items for detail page || user_id :580da1f36558be29d4cbde2f
2016-10-25T18:09:09.592Z - info: Validating card for payment page || user_id :580da1f36558be29d4cbde2f
2016-10-25T18:09:09.593Z - info: Valid card || user_id :580da1f36558be29d4cbde2f
2016-10-25T18:09:10.964Z - info: placing order and redirecting to home page || user_id :580da1f36558be29d4cbde2f
2016-10-25T18:09:11.106Z - info: Redirecting to home page || user_id :580da1f36558be29d4cbde2f
2016-10-25T18:09:12.996Z - info: Displaying items for home page || user_id :580da1f36558be29d4cbde2f
2016-10-25T18:12:43.782Z - info: Redirecting to home page || user_id :580da1f36558be29d4cbde2f
2016-10-25T18:12:44.740Z - info: Error occured in displaying items for home page || user_id :580da1f36558be29d4cbde2f
2016-10-25T18:17:45.829Z - info: Redirecting to home page || user_id :580da1f36558be29d4cbde2f
2016-10-25T18:17:46.751Z - info: Displaying items for home page || user_id :580da1f36558be29d4cbde2f
2016-10-25T18:17:48.932Z - info: Redirecting to detail page || user_id :580da1f36558be29d4cbde2f
2016-10-25T18:17:50.032Z - info: Displaying items for detail page || user_id :580da1f36558be29d4cbde2f
2016-10-25T18:17:54.257Z - info: Item add to shopping cart page || user_id :580da1f36558be29d4cbde2f
2016-10-25T18:17:54.487Z - info: Redirecting to shopping cart page || user_id :580da1f36558be29d4cbde2f
2016-10-25T18:17:58.177Z - info: Fetching shopping cart items || user_id :580da1f36558be29d4cbde2f
2016-10-25T18:17:58.933Z - info: confirming order and redirecting to payment page || user_id :580da1f36558be29d4cbde2f
2016-10-25T18:17:59.055Z - info: Redirecting to payment page || user_id :580da1f36558be29d4cbde2f
2016-10-25T18:17:59.983Z - info: Fetching shopping cart items || user_id :580da1f36558be29d4cbde2f
2016-10-25T18:18:12.163Z - info: Validating card for payment page || user_id :580da1f36558be29d4cbde2f
2016-10-25T18:18:12.165Z - info: Valid card || user_id :580da1f36558be29d4cbde2f
2016-10-25T18:18:13.252Z - info: placing order and redirecting to home page || user_id :580da1f36558be29d4cbde2f
2016-10-25T18:18:13.347Z - info: Redirecting to home page || user_id :580da1f36558be29d4cbde2f
2016-10-25T18:18:14.280Z - info: Displaying items for home page || user_id :580da1f36558be29d4cbde2f
2016-10-25T18:21:09.673Z - info: Redirecting to home page || user_id :580da1f36558be29d4cbde2f
2016-10-25T18:21:10.618Z - info: Displaying items for home page || user_id :580da1f36558be29d4cbde2f
2016-10-25T18:21:12.142Z - info: Redirecting to detail page || user_id :580da1f36558be29d4cbde2f
2016-10-25T18:21:13.493Z - info: Displaying items for detail page || user_id :580da1f36558be29d4cbde2f
2016-10-25T18:21:18.136Z - info: confirming order and redirecting to payment page || user_id :580da1f36558be29d4cbde2f
2016-10-25T18:21:18.236Z - info: Redirecting to payment page || user_id :580da1f36558be29d4cbde2f
2016-10-25T18:21:19.573Z - info: Displaying items for detail page || user_id :580da1f36558be29d4cbde2f
2016-10-25T18:21:37.880Z - info: Validating card for payment page || user_id :580da1f36558be29d4cbde2f
2016-10-25T18:21:37.881Z - info: Valid card || user_id :580da1f36558be29d4cbde2f
2016-10-25T18:21:48.516Z - info: placing order and redirecting to home page || user_id :580da1f36558be29d4cbde2f
2016-10-25T18:21:48.607Z - info: Redirecting to home page || user_id :580da1f36558be29d4cbde2f
2016-10-25T18:21:49.573Z - info: Displaying items for home page || user_id :580da1f36558be29d4cbde2f
2016-10-25T18:25:12.864Z - info: Redirecting to home page || user_id :580da1f36558be29d4cbde2f
2016-10-25T18:25:13.835Z - info: Displaying items for home page || user_id :580da1f36558be29d4cbde2f
2016-10-25T18:25:16.194Z - info: Redirecting to detail page || user_id :580da1f36558be29d4cbde2f
2016-10-25T18:25:17.230Z - info: Displaying items for detail page || user_id :580da1f36558be29d4cbde2f
2016-10-25T18:25:21.605Z - info: confirming order and redirecting to payment page || user_id :580da1f36558be29d4cbde2f
2016-10-25T18:25:21.715Z - info: Redirecting to payment page || user_id :580da1f36558be29d4cbde2f
2016-10-25T18:25:25.111Z - info: Displaying items for detail page || user_id :580da1f36558be29d4cbde2f
2016-10-25T18:25:36.250Z - info: Validating card for payment page || user_id :580da1f36558be29d4cbde2f
2016-10-25T18:25:36.250Z - info: Valid card || user_id :580da1f36558be29d4cbde2f
2016-10-25T18:25:38.574Z - info: placing order and redirecting to home page || user_id :580da1f36558be29d4cbde2f
2016-10-25T18:25:38.678Z - info: Redirecting to home page || user_id :580da1f36558be29d4cbde2f
2016-10-25T18:25:39.631Z - info: Displaying items for home page || user_id :580da1f36558be29d4cbde2f
2016-10-25T18:25:50.041Z - info: User sigining out ||user_id :580da1f36558be29d4cbde2f
2016-10-25T18:25:50.114Z - info: Redirecting to home page || anonymous user
2016-10-25T18:25:51.011Z - info: Displaying items for home page || anonymous user
2016-10-25T18:25:52.325Z - info: Redirecting to login page
2016-10-25T18:25:58.112Z - info: User logged in ||user_id :580da2146558be29d4cbde31
2016-10-25T18:25:58.333Z - info: Redirecting to home page || user_id :580da2146558be29d4cbde31
2016-10-25T18:25:59.643Z - info: Displaying items for home page || user_id :580da2146558be29d4cbde31
2016-10-25T18:26:02.399Z - info: Displaying my collection details || user_id :580da2146558be29d4cbde31
2016-10-25T18:26:03.337Z - info: Displaying  my collection details for order history || user_id :580da2146558be29d4cbde31
2016-10-25T18:27:30.904Z - info: Displaying my collection details || user_id :580da2146558be29d4cbde31
2016-10-25T18:27:31.954Z - info: Displaying  my collection details for order history || user_id :580da2146558be29d4cbde31
2016-10-25T18:31:01.837Z - info: Displaying my collection details || user_id :580da2146558be29d4cbde31
2016-10-25T18:31:04.870Z - info: Displaying  my collection details for order history || user_id :580da2146558be29d4cbde31
2016-10-25T18:42:00.780Z - info: User sigining out ||user_id :580da2146558be29d4cbde31
2016-10-25T18:42:00.870Z - info: Redirecting to home page || anonymous user
2016-10-25T18:42:02.696Z - info: Displaying items for home page || anonymous user
2016-10-25T18:42:07.350Z - info: Redirecting to login page
2016-10-25T18:42:24.563Z - info: User logged in ||user_id :580da2226558be29d4cbde32
2016-10-25T18:42:24.648Z - info: Redirecting to home page || user_id :580da2226558be29d4cbde32
2016-10-25T18:42:25.563Z - info: Displaying items for home page || user_id :580da2226558be29d4cbde32
2016-10-25T18:42:30.851Z - info: Redirecting to detail page || user_id :580da2226558be29d4cbde32
2016-10-25T18:42:32.109Z - info: Displaying items for detail page || user_id :580da2226558be29d4cbde32
2016-10-25T18:42:39.925Z - info: Redirecting to home page || user_id :580da2226558be29d4cbde32
2016-10-25T18:42:40.702Z - info: Displaying items for home page || user_id :580da2226558be29d4cbde32
2016-10-25T18:42:52.388Z - info: Redirecting to detail page || user_id :580da2226558be29d4cbde32
2016-10-25T18:42:53.507Z - info: Displaying items for detail page || user_id :580da2226558be29d4cbde32
2016-10-25T18:44:09.722Z - info: Redirecting to detail page || user_id :580da2226558be29d4cbde32
2016-10-25T18:44:10.772Z - info: Displaying items for detail page || user_id :580da2226558be29d4cbde32
2016-10-25T18:44:25.526Z - info: Redirecting to detail page || user_id :580da2226558be29d4cbde32
2016-10-25T18:44:28.612Z - info: Displaying items for detail page || user_id :580da2226558be29d4cbde32
2016-10-25T18:45:26.695Z - info: Redirecting to detail page || user_id :580da2226558be29d4cbde32
2016-10-25T18:45:28.066Z - info: Displaying items for detail page || user_id :580da2226558be29d4cbde32
2016-10-25T18:46:06.109Z - info: Redirecting to detail page || user_id :580da2226558be29d4cbde32
2016-10-25T18:46:07.161Z - info: Displaying items for detail page || user_id :580da2226558be29d4cbde32
2016-10-25T18:46:22.143Z - info: Redirecting to home page || user_id :580da2226558be29d4cbde32
2016-10-25T18:46:23.092Z - info: Displaying items for home page || user_id :580da2226558be29d4cbde32
2016-10-25T18:46:41.766Z - info: Redirecting to detail page || user_id :580da2226558be29d4cbde32
2016-10-25T18:46:43.377Z - info: Displaying items for detail page || user_id :580da2226558be29d4cbde32
2016-10-25T18:46:59.174Z - info: Item add to shopping cart page || user_id :580da2226558be29d4cbde32
2016-10-25T18:46:59.292Z - info: Redirecting to shopping cart page || user_id :580da2226558be29d4cbde32
2016-10-25T18:47:01.060Z - info: Fetching shopping cart items || user_id :580da2226558be29d4cbde32
2016-10-25T18:47:04.426Z - info: confirming order and redirecting to payment page || user_id :580da2226558be29d4cbde32
2016-10-25T18:47:04.567Z - info: Redirecting to payment page || user_id :580da2226558be29d4cbde32
2016-10-25T18:47:08.381Z - info: Fetching shopping cart items || user_id :580da2226558be29d4cbde32
2016-10-25T18:47:19.745Z - info: Validating card for payment page || user_id :580da2226558be29d4cbde32
2016-10-25T18:47:19.746Z - info: Valid card || user_id :580da2226558be29d4cbde32
2016-10-25T18:47:21.122Z - info: placing order and redirecting to home page || user_id :580da2226558be29d4cbde32
2016-10-25T18:47:21.224Z - info: Redirecting to home page || user_id :580da2226558be29d4cbde32
2016-10-25T18:47:22.312Z - info: Displaying items for home page || user_id :580da2226558be29d4cbde32
2016-10-25T18:47:34.136Z - info: Redirecting to home page || user_id :580da2226558be29d4cbde32
2016-10-25T18:47:35.430Z - info: Displaying items for home page || user_id :580da2226558be29d4cbde32
2016-10-25T18:47:39.373Z - info: User sigining out ||user_id :580da2226558be29d4cbde32
2016-10-25T18:47:39.474Z - info: Redirecting to home page || anonymous user
2016-10-25T18:47:43.154Z - info: Redirecting to login page
2016-10-25T18:47:43.387Z - info: Displaying items for home page || anonymous user
2016-10-25T18:47:48.674Z - info: User logged in ||user_id :580da1f36558be29d4cbde2f
2016-10-25T18:47:48.763Z - info: Redirecting to home page || user_id :580da1f36558be29d4cbde2f
2016-10-25T18:47:49.656Z - info: Displaying items for home page || user_id :580da1f36558be29d4cbde2f
2016-10-25T18:48:02.189Z - info: Displaying my collection details || user_id :580da1f36558be29d4cbde2f
2016-10-25T18:48:03.857Z - info: Displaying  my collection details for order history || user_id :580da1f36558be29d4cbde2f
2016-10-25T18:48:40.418Z - info: Redirecting to detail page || user_id :580da2226558be29d4cbde32
2016-10-25T18:48:41.706Z - info: Displaying items for detail page || user_id :580da2226558be29d4cbde32
2016-10-25T18:48:48.151Z - info: confirming order and redirecting to payment page || user_id :580da2226558be29d4cbde32
2016-10-25T18:48:48.241Z - info: Redirecting to payment page || user_id :580da2226558be29d4cbde32
2016-10-25T18:48:49.736Z - info: Displaying items for detail page || user_id :580da2226558be29d4cbde32
2016-10-25T18:48:59.869Z - info: Validating card for payment page || user_id :580da2226558be29d4cbde32
2016-10-25T18:48:59.871Z - info: Valid card || user_id :580da2226558be29d4cbde32
2016-10-25T18:49:01.236Z - info: placing order and redirecting to home page || user_id :580da2226558be29d4cbde32
2016-10-25T18:49:01.311Z - info: Redirecting to home page || user_id :580da2226558be29d4cbde32
2016-10-25T18:49:02.326Z - info: Displaying items for home page || user_id :580da2226558be29d4cbde32
2016-10-25T18:49:10.461Z - info: Displaying my collection details || user_id :580da1f36558be29d4cbde2f
2016-10-25T18:49:11.466Z - info: Displaying  my collection details for order history || user_id :580da1f36558be29d4cbde2f
2016-10-25T18:49:24.084Z - info: Displaying my collection details || user_id :580da2226558be29d4cbde32
2016-10-25T18:49:25.019Z - info: Displaying  my collection details for order history || user_id :580da2226558be29d4cbde32
2016-10-25T18:51:37.762Z - info: Displaying  my collection details for order history || user_id :580da1f36558be29d4cbde2f
2016-10-25T18:52:47.024Z - info: Displaying my collection details || user_id :580da2226558be29d4cbde32
2016-10-25T18:52:47.973Z - info: Displaying  my collection details for order history || user_id :580da2226558be29d4cbde32
2016-10-25T18:53:24.839Z - info: Displaying  my collection details for order history || user_id :580da1f36558be29d4cbde2f
2016-10-25T18:53:31.892Z - info: Displaying  my collection details for order history || user_id :580da2226558be29d4cbde32
2016-10-25T18:54:56.270Z - info: Redirecting to home page || user_id :580da2226558be29d4cbde32
2016-10-25T18:54:57.082Z - info: Displaying items for home page || user_id :580da2226558be29d4cbde32
2016-10-25T18:55:02.005Z - info: Redirecting to detail page || user_id :580da2226558be29d4cbde32
2016-10-25T18:55:03.075Z - info: Displaying items for detail page || user_id :580da2226558be29d4cbde32
2016-10-25T18:55:43.633Z - info: User sigining out ||user_id :580da2226558be29d4cbde32
2016-10-25T18:55:43.662Z - info: Redirecting to home page || anonymous user
2016-10-25T18:55:44.497Z - info: Displaying items for home page || anonymous user
2016-10-25T18:57:07.380Z - info: Redirecting to login page
2016-10-25T18:57:13.295Z - info: User logged in ||user_id :580da1f36558be29d4cbde2f
2016-10-25T18:57:13.360Z - info: Redirecting to home page || user_id :580da1f36558be29d4cbde2f
2016-10-25T18:57:14.266Z - info: Displaying items for home page || user_id :580da1f36558be29d4cbde2f
2016-10-25T18:57:25.763Z - info: Redirecting to sell page || user_id :580da1f36558be29d4cbde2f
2016-10-25T18:57:48.745Z - info: storing item for sell page || user_id :580da1f36558be29d4cbde2f
2016-10-25T18:57:48.758Z - info: Inserting sell item for seller data for sell page || user_id :580da1f36558be29d4cbde2f
2016-10-25T18:57:48.834Z - info: Redirecting to home page || user_id :580da1f36558be29d4cbde2f
2016-10-25T18:57:49.699Z - info: Displaying items for home page || user_id :580da1f36558be29d4cbde2f
2016-10-25T18:57:51.697Z - info: Redirecting to sell page || user_id :580da1f36558be29d4cbde2f
2016-10-25T18:58:17.572Z - info: storing item for sell page || user_id :580da1f36558be29d4cbde2f
2016-10-25T18:58:17.581Z - info: Inserting sell item for seller data for sell page || user_id :580da1f36558be29d4cbde2f
2016-10-25T18:58:17.652Z - info: Redirecting to home page || user_id :580da1f36558be29d4cbde2f
2016-10-25T18:58:18.473Z - info: Displaying items for home page || user_id :580da1f36558be29d4cbde2f
2016-10-25T18:58:19.546Z - info: Redirecting to sell page || user_id :580da1f36558be29d4cbde2f
2016-10-25T18:58:31.733Z - info: storing item for sell page || user_id :580da1f36558be29d4cbde2f
2016-10-25T18:58:31.743Z - info: Inserting sell item for seller data for sell page || user_id :580da1f36558be29d4cbde2f
2016-10-25T18:58:31.834Z - info: Redirecting to home page || user_id :580da1f36558be29d4cbde2f
2016-10-25T18:58:37.586Z - info: Displaying items for home page || user_id :580da1f36558be29d4cbde2f
2016-10-25T18:58:40.355Z - info: User sigining out ||user_id :580da1f36558be29d4cbde2f
2016-10-25T18:58:40.407Z - info: Redirecting to home page || anonymous user
2016-10-25T18:58:41.313Z - info: Displaying items for home page || anonymous user
2016-10-25T18:58:44.200Z - info: Redirecting to login page
2016-10-25T18:58:51.791Z - info: User logged in ||user_id :580da2226558be29d4cbde32
2016-10-25T18:58:51.860Z - info: Redirecting to home page || user_id :580da2226558be29d4cbde32
2016-10-25T18:58:52.709Z - info: Displaying items for home page || user_id :580da2226558be29d4cbde32
2016-10-25T18:58:57.208Z - info: Redirecting to sell page || user_id :580da2226558be29d4cbde32
2016-10-25T18:59:14.974Z - info: storing item for sell page || user_id :580da2226558be29d4cbde32
2016-10-25T18:59:14.984Z - info: Inserting sell item for seller data for sell page || user_id :580da2226558be29d4cbde32
2016-10-25T18:59:15.056Z - info: Redirecting to home page || user_id :580da2226558be29d4cbde32
2016-10-25T18:59:16.011Z - info: Displaying items for home page || user_id :580da2226558be29d4cbde32
2016-10-25T18:59:16.851Z - info: Redirecting to sell page || user_id :580da2226558be29d4cbde32
2016-10-25T18:59:32.639Z - info: storing item for sell page || user_id :580da2226558be29d4cbde32
2016-10-25T18:59:32.649Z - info: Inserting sell item for seller data for sell page || user_id :580da2226558be29d4cbde32
2016-10-25T18:59:32.778Z - info: Redirecting to home page || user_id :580da2226558be29d4cbde32
2016-10-25T18:59:34.745Z - info: Displaying items for home page || user_id :580da2226558be29d4cbde32
2016-10-25T18:59:37.788Z - info: Redirecting to detail page || user_id :580da2226558be29d4cbde32
2016-10-25T18:59:38.821Z - info: Displaying items for detail page || user_id :580da2226558be29d4cbde32
2016-10-25T18:59:44.976Z - info: Item add to shopping cart page || user_id :580da2226558be29d4cbde32
2016-10-25T18:59:45.106Z - info: Redirecting to shopping cart page || user_id :580da2226558be29d4cbde32
2016-10-25T18:59:48.090Z - info: Fetching shopping cart items || user_id :580da2226558be29d4cbde32
2016-10-25T18:59:48.870Z - info: confirming order and redirecting to payment page || user_id :580da2226558be29d4cbde32
2016-10-25T18:59:48.949Z - info: Redirecting to payment page || user_id :580da2226558be29d4cbde32
2016-10-25T18:59:49.892Z - info: Fetching shopping cart items || user_id :580da2226558be29d4cbde32
2016-10-25T18:59:58.798Z - info: Validating card for payment page || user_id :580da2226558be29d4cbde32
2016-10-25T18:59:58.799Z - info: Valid card || user_id :580da2226558be29d4cbde32
2016-10-25T19:00:01.051Z - info: placing order and redirecting to home page || user_id :580da2226558be29d4cbde32
2016-10-25T19:00:01.139Z - info: Redirecting to home page || user_id :580da2226558be29d4cbde32
2016-10-25T19:00:02.066Z - info: Displaying items for home page || user_id :580da2226558be29d4cbde32
2016-10-25T19:00:04.409Z - info: Displaying my collection details || user_id :580da2226558be29d4cbde32
2016-10-25T19:00:05.344Z - info: Displaying  my collection details for order history || user_id :580da2226558be29d4cbde32
2016-10-25T19:00:19.225Z - info: Displaying my collection details || user_id :580da2226558be29d4cbde32
2016-10-25T19:00:20.389Z - info: Displaying  my collection details for order history || user_id :580da2226558be29d4cbde32
2016-10-25T19:00:30.832Z - info: Redirecting to home page || user_id :580da2226558be29d4cbde32
2016-10-25T19:00:31.745Z - info: Displaying items for home page || user_id :580da2226558be29d4cbde32
2016-10-25T19:00:33.343Z - info: Redirecting to detail page || user_id :580da2226558be29d4cbde32
2016-10-25T19:00:39.846Z - info: Displaying items for detail page || user_id :580da2226558be29d4cbde32
2016-10-25T19:01:36.137Z - info: Redirecting to home page || user_id :580da1f36558be29d4cbde2f
2016-10-25T19:01:37.012Z - info: Displaying items for home page || user_id :580da1f36558be29d4cbde2f
2016-10-25T19:02:36.873Z - info: Redirecting to detail page || user_id :580da2226558be29d4cbde32
2016-10-25T19:02:38.856Z - info: Displaying items for detail page || user_id :580da2226558be29d4cbde32
2016-10-25T19:04:10.579Z - info: Redirecting to detail page || user_id :580da2226558be29d4cbde32
2016-10-25T19:04:12.661Z - info: Displaying items for detail page || user_id :580da2226558be29d4cbde32
2016-10-25T19:04:27.099Z - info: Item add to shopping cart page || user_id :580da2226558be29d4cbde32
2016-10-25T19:04:27.153Z - info: Redirecting to shopping cart page || user_id :580da2226558be29d4cbde32
2016-10-25T19:04:29.148Z - info: Fetching shopping cart items || user_id :580da2226558be29d4cbde32
2016-10-25T19:07:59.313Z - info: Redirecting to my account page || user_id :580da2226558be29d4cbde32
2016-10-25T19:09:59.308Z - info: Redirecting to my account page || user_id :580da2226558be29d4cbde32
2016-10-25T19:10:12.797Z - info: Displaying my collection details || user_id :580da1f36558be29d4cbde2f
2016-10-25T19:10:14.055Z - info: Displaying  my collection details for order history || user_id :580da1f36558be29d4cbde2f
2016-10-25T19:10:24.497Z - info: Displaying  my collection details for order history || user_id :580da1f36558be29d4cbde2f
2016-10-25T19:10:42.263Z - info: Displaying my collection details || user_id :580da2226558be29d4cbde32
2016-10-25T19:10:44.848Z - info: Displaying  my collection details for order history || user_id :580da2226558be29d4cbde32
2016-10-25T19:10:47.149Z - info: Redirecting to home page || user_id :580da2226558be29d4cbde32
2016-10-25T19:10:48.022Z - info: Displaying items for home page || user_id :580da2226558be29d4cbde32
2016-10-25T19:10:49.732Z - info: Redirecting to detail page || user_id :580da2226558be29d4cbde32
2016-10-25T19:10:50.873Z - info: Displaying items for detail page || user_id :580da2226558be29d4cbde32
2016-10-25T19:10:53.600Z - info: Item add to shopping cart page || user_id :580da2226558be29d4cbde32
2016-10-25T19:10:53.730Z - info: Redirecting to shopping cart page || user_id :580da2226558be29d4cbde32
2016-10-25T19:10:55.373Z - info: Fetching shopping cart items || user_id :580da2226558be29d4cbde32
2016-10-25T19:10:55.931Z - info: confirming order and redirecting to payment page || user_id :580da2226558be29d4cbde32
2016-10-25T19:10:56.029Z - info: Redirecting to payment page || user_id :580da2226558be29d4cbde32
2016-10-25T19:10:57.020Z - info: Fetching shopping cart items || user_id :580da2226558be29d4cbde32
2016-10-25T19:11:35.101Z - info: Validating card for payment page || user_id :580da2226558be29d4cbde32
2016-10-25T19:11:35.102Z - info: Valid card || user_id :580da2226558be29d4cbde32
2016-10-25T19:11:59.618Z - info: Redirecting to payment page || user_id :580da2226558be29d4cbde32
2016-10-25T19:12:00.578Z - info: Fetching shopping cart items || user_id :580da2226558be29d4cbde32
2016-10-25T19:12:09.480Z - info: Validating card for payment page || user_id :580da2226558be29d4cbde32
2016-10-25T19:12:09.481Z - info: Valid card || user_id :580da2226558be29d4cbde32
2016-10-25T19:12:10.544Z - info: placing order and redirecting to home page || user_id :580da2226558be29d4cbde32
2016-10-25T19:12:10.647Z - info: Redirecting to home page || user_id :580da2226558be29d4cbde32
2016-10-25T19:12:11.697Z - info: Displaying items for home page || user_id :580da2226558be29d4cbde32
2016-10-25T19:12:42.224Z - info: Displaying my collection details || user_id :580da2226558be29d4cbde32
2016-10-25T19:12:43.131Z - info: Displaying  my collection details for order history || user_id :580da2226558be29d4cbde32
2016-10-25T19:14:14.071Z - info: Displaying my collection details || user_id :580da2226558be29d4cbde32
2016-10-25T19:14:15.072Z - info: Displaying  my collection details for order history || user_id :580da2226558be29d4cbde32
2016-10-25T19:39:56.719Z - info: Displaying  my collection details for order history || user_id :580da1f36558be29d4cbde2f
2016-10-25T19:40:12.579Z - info: Redirecting to home page || user_id :580da2226558be29d4cbde32
2016-10-25T19:40:13.640Z - info: Displaying items for home page || user_id :580da2226558be29d4cbde32
2016-10-25T19:40:15.607Z - info: Redirecting to detail page || user_id :580da2226558be29d4cbde32
2016-10-25T19:40:16.783Z - info: Displaying items for detail page || user_id :580da2226558be29d4cbde32
2016-10-25T19:40:19.298Z - info: Item add to shopping cart page || user_id :580da2226558be29d4cbde32
2016-10-25T19:40:19.415Z - info: Redirecting to shopping cart page || user_id :580da2226558be29d4cbde32
2016-10-25T19:40:24.791Z - info: Fetching shopping cart items || user_id :580da2226558be29d4cbde32
2016-10-25T19:40:25.714Z - info: confirming order and redirecting to payment page || user_id :580da2226558be29d4cbde32
2016-10-25T19:40:25.808Z - info: Redirecting to payment page || user_id :580da2226558be29d4cbde32
2016-10-25T19:40:26.814Z - info: Fetching shopping cart items || user_id :580da2226558be29d4cbde32
2016-10-25T19:40:38.067Z - info: Validating card for payment page || user_id :580da2226558be29d4cbde32
2016-10-25T19:40:38.067Z - info: Valid card || user_id :580da2226558be29d4cbde32
2016-10-25T19:40:39.147Z - info: placing order and redirecting to home page || user_id :580da2226558be29d4cbde32
2016-10-25T19:40:39.264Z - info: Redirecting to home page || user_id :580da2226558be29d4cbde32
2016-10-25T19:40:40.306Z - info: Displaying items for home page || user_id :580da2226558be29d4cbde32
2016-10-25T19:40:44.544Z - info: Displaying my collection details || user_id :580da2226558be29d4cbde32
2016-10-25T19:40:49.524Z - info: Displaying  my collection details for order history || user_id :580da2226558be29d4cbde32
2016-10-25T19:41:01.177Z - info: Displaying my collection details || user_id :580da1f36558be29d4cbde2f
2016-10-25T19:41:02.244Z - info: Displaying  my collection details for order history || user_id :580da1f36558be29d4cbde2f
2016-10-25T19:43:40.038Z - info: Redirecting to home page || anonymous user
2016-10-25T19:43:41.633Z - info: Displaying items for home page || anonymous user
