2016-10-20T23:18:27.754Z - info: Redirecting to home page || anonymous user
2016-10-20T23:18:29.605Z - info: Displaying items for home page || anonymous user
2016-10-20T23:18:32.160Z - info: Redirecting to login page
2016-10-20T23:18:51.098Z - info: New user registration
2016-10-20T23:18:51.674Z - info: User registered || user id :vicky.miyani@gmail.com
2016-10-20T23:18:51.740Z - info: Redirecting to login page
2016-10-20T23:19:37.591Z - info: New user registration
2016-10-20T23:19:37.936Z - info: Email_id is already registed with us. || email id :vicky.miyani@gmail.com
2016-10-20T23:20:20.700Z - info: Redirecting to login page
2016-10-20T23:20:31.736Z - info: New user registration
2016-10-20T23:20:32.108Z - info: Email_id is already registed with us. || email id :vicky.miyani@gmail.com
2016-10-20T23:20:52.861Z - info: Redirecting to login page
2016-10-20T23:21:06.659Z - info: New user registration
2016-10-20T23:21:07.031Z - info: Email_id is already registed with us. || email id :vicky.miyani@gmail.com
2016-10-20T23:21:20.328Z - info: Redirecting to login page
2016-10-20T23:21:43.416Z - info: New user registration
2016-10-20T23:21:43.770Z - info: Email_id is already registed with us. || email id :vicky.miyani@gmail.com
2016-10-20T23:24:49.632Z - info: Redirecting to login page
2016-10-20T23:38:38.107Z - info: Redirecting to login page
2016-10-20T23:38:42.976Z - info: User logged in ||user_id :undefined
2016-10-20T23:39:45.113Z - info: Redirecting to login page
2016-10-20T23:39:49.476Z - info: User logged in ||user_id :undefined
2016-10-20T23:40:20.809Z - info: Redirecting to login page
2016-10-20T23:40:24.792Z - info: User logged in ||user_id :undefined
2016-10-20T23:41:58.619Z - info: Redirecting to login page
2016-10-20T23:42:02.478Z - info: User logged in ||user_id :undefined
2016-10-20T23:44:14.911Z - info: Redirecting to login page
2016-10-20T23:44:18.839Z - info: User logged in ||user_id :undefined
2016-10-20T23:50:01.830Z - info: Redirecting to home page || anonymous user
2016-10-20T23:50:02.521Z - info: Displaying items for home page || anonymous user
2016-10-20T23:50:04.404Z - info: Redirecting to login page
2016-10-20T23:50:08.575Z - info: User logged in ||user_id :undefined
2016-10-20T23:50:52.790Z - info: Redirecting to home page || anonymous user
2016-10-20T23:50:53.601Z - info: Displaying items for home page || anonymous user
2016-10-20T23:50:55.061Z - info: Redirecting to login page
2016-10-20T23:50:58.909Z - info: User logged in ||user_id :undefined
2016-10-20T23:51:40.531Z - info: Redirecting to login page
2016-10-20T23:51:43.986Z - info: User logged in ||user_id :undefined
2016-10-20T23:52:08.682Z - info: Redirecting to login page
2016-10-20T23:52:12.624Z - info: User logged in ||user_id :undefined
2016-10-20T23:54:18.684Z - info: Redirecting to login page
2016-10-20T23:54:23.607Z - info: User logged in ||user_id :580950dbc3a940248c547e5c
2016-10-20T23:57:26.851Z - info: Redirecting to login page
2016-10-20T23:57:30.501Z - info: User logged in ||user_id :580950dbc3a940248c547e5c
2016-10-20T23:57:30.554Z - info: Redirecting to home page || user_id :580950dbc3a940248c547e5c
2016-10-20T23:57:31.284Z - info: Displaying items for home page || user_id :580950dbc3a940248c547e5c
