2016-10-24T03:38:38.572Z - info: Redirecting to detail page || user_id :580bfddfb576ee0b387452bf
2016-10-24T03:38:39.929Z - info: Displaying items for detail page || user_id :580bfddfb576ee0b387452bf
2016-10-24T03:38:43.041Z - info: confirming order and redirecting to payment page || user_id :580bfddfb576ee0b387452bf
2016-10-24T03:38:43.157Z - info: Redirecting to payment page || user_id :580bfddfb576ee0b387452bf
2016-10-24T03:38:44.072Z - info: Displaying items for detail page || user_id :580bfddfb576ee0b387452bf
2016-10-24T03:38:46.274Z - info: Redirecting to detail page || user_id :580bfddfb576ee0b387452bf
2016-10-24T03:38:47.186Z - info: Displaying items for detail page || user_id :580bfddfb576ee0b387452bf
2016-10-24T03:38:49.583Z - info: Redirecting to shopping cart page || user_id :580bfddfb576ee0b387452bf
2016-10-24T03:38:52.543Z - info: Fetching shopping cart items || user_id :580bfddfb576ee0b387452bf
2016-10-24T03:38:54.059Z - info: confirming order and redirecting to payment page || user_id :580bfddfb576ee0b387452bf
2016-10-24T03:38:54.118Z - info: Redirecting to payment page || user_id :580bfddfb576ee0b387452bf
2016-10-24T03:38:55.001Z - info: Fetching shopping cart items || user_id :580bfddfb576ee0b387452bf
2016-10-24T03:39:01.975Z - info: Redirecting to shopping cart page || user_id :580bfddfb576ee0b387452bf
2016-10-24T03:39:05.435Z - info: Redirecting to home page || user_id :580bfddfb576ee0b387452bf
2016-10-24T03:39:06.621Z - info: Displaying items for home page || user_id :580bfddfb576ee0b387452bf
2016-10-24T03:39:07.842Z - info: Redirecting to detail page || user_id :580bfddfb576ee0b387452bf
2016-10-24T03:39:08.902Z - info: Displaying items for detail page || user_id :580bfddfb576ee0b387452bf
2016-10-24T03:39:12.136Z - info: Item add to shopping cart page || user_id :580bfddfb576ee0b387452bf
2016-10-24T03:39:12.271Z - info: Redirecting to shopping cart page || user_id :580bfddfb576ee0b387452bf
2016-10-24T03:39:16.060Z - info: Fetching shopping cart items || user_id :580bfddfb576ee0b387452bf
2016-10-24T03:39:18.448Z - info: confirming order and redirecting to payment page || user_id :580bfddfb576ee0b387452bf
2016-10-24T03:39:18.501Z - info: Redirecting to payment page || user_id :580bfddfb576ee0b387452bf
2016-10-24T03:39:19.492Z - info: Fetching shopping cart items || user_id :580bfddfb576ee0b387452bf
2016-10-24T03:56:22.471Z - info: Redirecting to payment page || user_id :580bfddfb576ee0b387452bf
2016-10-24T03:56:23.521Z - info: Fetching shopping cart items || user_id :580bfddfb576ee0b387452bf
2016-10-24T03:56:38.140Z - info: Validating card for payment page || user_id :580bfddfb576ee0b387452bf
2016-10-24T03:56:38.140Z - info: Valid card || user_id :580bfddfb576ee0b387452bf
2016-10-24T03:56:39.115Z - info: placing order and redirecting to home page || user_id :580bfddfb576ee0b387452bf
2016-10-24T03:58:39.216Z - info: placing order and redirecting to home page || user_id :580bfddfb576ee0b387452bf
2016-10-24T05:45:35.516Z - info: Redirecting to shopping cart page || user_id :580d35bcbd400c11b8004ba1
2016-10-24T05:45:36.392Z - info: Fetching shopping cart items || user_id :580d35bcbd400c11b8004ba1
2016-10-24T05:45:38.307Z - info: Redirecting to home page || user_id :580d35bcbd400c11b8004ba1
2016-10-24T05:45:39.026Z - info: Displaying items for home page || user_id :580d35bcbd400c11b8004ba1
2016-10-24T05:45:48.705Z - info: Redirecting to detail page || user_id :580d35bcbd400c11b8004ba1
2016-10-24T05:45:49.732Z - info: Displaying items for detail page || user_id :580d35bcbd400c11b8004ba1
2016-10-24T05:45:53.441Z - info: Item add to shopping cart page || user_id :580d35bcbd400c11b8004ba1
2016-10-24T05:48:59.947Z - info: Redirecting to home page || user_id :580d35bcbd400c11b8004ba1
2016-10-24T05:49:00.897Z - info: Displaying items for home page || user_id :580d35bcbd400c11b8004ba1
2016-10-24T05:49:47.745Z - info: User sigining out ||user_id :580d35bcbd400c11b8004ba1
2016-10-24T05:49:47.776Z - info: Redirecting to home page || anonymous user
2016-10-24T05:49:48.383Z - info: Displaying items for home page || anonymous user
2016-10-24T05:50:12.792Z - info: Redirecting to login page
2016-10-24T05:50:20.487Z - info: Authentication failed. User not found.
2016-10-24T05:50:32.162Z - info: User logged in ||user_id :580d3572bd400c11b8004ba0
2016-10-24T05:50:32.191Z - info: Redirecting to home page || user_id :580d3572bd400c11b8004ba0
2016-10-24T05:50:33.574Z - info: Displaying items for home page || user_id :580d3572bd400c11b8004ba0
2016-10-24T05:50:37.514Z - info: Redirecting to detail page || user_id :580d3572bd400c11b8004ba0
2016-10-24T05:50:38.203Z - info: Displaying items for detail page || user_id :580d3572bd400c11b8004ba0
2016-10-24T05:50:40.604Z - info: Item add to shopping cart page || user_id :580d3572bd400c11b8004ba0
2016-10-24T05:50:40.686Z - info: Redirecting to shopping cart page || user_id :580d3572bd400c11b8004ba0
2016-10-24T05:50:43.704Z - info: Fetching shopping cart items || user_id :580d3572bd400c11b8004ba0
2016-10-24T05:50:46.275Z - info: Redirecting to home page || user_id :580d3572bd400c11b8004ba0
2016-10-24T05:50:46.974Z - info: Displaying items for home page || user_id :580d3572bd400c11b8004ba0
2016-10-24T05:50:52.989Z - info: Redirecting to detail page || user_id :580d3572bd400c11b8004ba0
2016-10-24T05:50:53.774Z - info: Displaying items for detail page || user_id :580d3572bd400c11b8004ba0
2016-10-24T05:50:58.057Z - info: Item add to shopping cart page || user_id :580d3572bd400c11b8004ba0
2016-10-24T05:50:58.133Z - info: Redirecting to shopping cart page || user_id :580d3572bd400c11b8004ba0
2016-10-24T05:50:58.834Z - info: Fetching shopping cart items || user_id :580d3572bd400c11b8004ba0
2016-10-24T05:51:11.363Z - info: confirming order and redirecting to payment page || user_id :580d3572bd400c11b8004ba0
2016-10-24T05:51:11.401Z - info: Redirecting to payment page || user_id :580d3572bd400c11b8004ba0
2016-10-24T05:51:13.161Z - info: Fetching shopping cart items || user_id :580d3572bd400c11b8004ba0
2016-10-24T05:51:45.150Z - info: Validating card for payment page || user_id :580d3572bd400c11b8004ba0
2016-10-24T05:51:45.151Z - info: Valid card || user_id :580d3572bd400c11b8004ba0
2016-10-24T05:51:46.042Z - info: placing order and redirecting to home page || user_id :580d3572bd400c11b8004ba0
2016-10-24T05:51:46.268Z - info: Redirecting to home page || user_id :580d3572bd400c11b8004ba0
2016-10-24T05:51:46.865Z - info: Displaying items for home page || user_id :580d3572bd400c11b8004ba0
2016-10-24T05:53:38.411Z - info: User sigining out ||user_id :580d3572bd400c11b8004ba0
2016-10-24T05:53:38.449Z - info: Redirecting to home page || anonymous user
2016-10-24T05:53:39.246Z - info: Displaying items for home page || anonymous user
2016-10-24T05:53:41.038Z - info: Redirecting to login page
2016-10-24T05:53:46.096Z - info: Authentication failed. User not found.
2016-10-24T05:53:55.283Z - info: New user registration
2016-10-24T05:53:55.647Z - info: User registered || user id :vicky.miyani@gmail.com
2016-10-24T05:53:55.689Z - info: Redirecting to login page
2016-10-24T05:54:13.159Z - info: New user registration
2016-10-24T05:54:13.520Z - info: User registered || user id :v@g.com
2016-10-24T05:54:13.561Z - info: Redirecting to login page
2016-10-24T05:54:28.134Z - info: New user registration
2016-10-24T05:54:28.495Z - info: User registered || user id :ayush.bhesaniya@gmail.com
2016-10-24T05:54:28.540Z - info: Redirecting to login page
2016-10-24T05:54:41.943Z - info: New user registration
2016-10-24T05:54:42.309Z - info: User registered || user id :a@b.com
2016-10-24T05:54:42.362Z - info: Redirecting to login page
2016-10-24T05:54:47.084Z - info: User logged in ||user_id :580da1f36558be29d4cbde2f
2016-10-24T05:54:47.406Z - info: Redirecting to home page || user_id :580da1f36558be29d4cbde2f
2016-10-24T05:54:49.531Z - info: Redirecting to sell page || user_id :580da1f36558be29d4cbde2f
2016-10-24T05:55:06.635Z - info: storing item for sell page || user_id :580da1f36558be29d4cbde2f
2016-10-24T05:55:06.662Z - info: Inserting sell item for seller data for sell page || user_id :580da1f36558be29d4cbde2f
2016-10-24T05:55:07.694Z - info: Redirecting to home page || user_id :580da1f36558be29d4cbde2f
2016-10-24T05:55:08.318Z - info: Displaying items for home page || user_id :580da1f36558be29d4cbde2f
2016-10-24T05:55:10.453Z - info: Redirecting to sell page || user_id :580da1f36558be29d4cbde2f
2016-10-24T05:55:27.684Z - info: storing item for sell page || user_id :580da1f36558be29d4cbde2f
2016-10-24T05:55:27.696Z - info: Inserting sell item for seller data for sell page || user_id :580da1f36558be29d4cbde2f
2016-10-24T05:55:27.755Z - info: Redirecting to home page || user_id :580da1f36558be29d4cbde2f
2016-10-24T05:55:28.513Z - info: Displaying items for home page || user_id :580da1f36558be29d4cbde2f
2016-10-24T05:55:32.038Z - info: Redirecting to sell page || user_id :580da1f36558be29d4cbde2f
2016-10-24T05:55:48.380Z - info: storing item for sell page || user_id :580da1f36558be29d4cbde2f
2016-10-24T05:55:48.391Z - info: Inserting sell item for seller data for sell page || user_id :580da1f36558be29d4cbde2f
2016-10-24T05:55:48.546Z - info: Redirecting to home page || user_id :580da1f36558be29d4cbde2f
2016-10-24T05:55:49.262Z - info: Displaying items for home page || user_id :580da1f36558be29d4cbde2f
2016-10-24T05:55:50.960Z - info: Redirecting to sell page || user_id :580da1f36558be29d4cbde2f
2016-10-24T05:56:05.342Z - info: storing item for sell page || user_id :580da1f36558be29d4cbde2f
2016-10-24T05:56:05.354Z - info: Inserting sell item for seller data for sell page || user_id :580da1f36558be29d4cbde2f
2016-10-24T05:56:05.394Z - info: Redirecting to home page || user_id :580da1f36558be29d4cbde2f
2016-10-24T05:56:06.039Z - info: Displaying items for home page || user_id :580da1f36558be29d4cbde2f
2016-10-24T05:56:08.125Z - info: User sigining out ||user_id :580da1f36558be29d4cbde2f
2016-10-24T05:56:08.154Z - info: Redirecting to home page || anonymous user
2016-10-24T05:56:11.867Z - info: Displaying items for home page || anonymous user
2016-10-24T05:56:13.682Z - info: Redirecting to login page
2016-10-24T05:56:20.008Z - info: User logged in ||user_id :580da2056558be29d4cbde30
2016-10-24T05:56:20.067Z - info: Redirecting to home page || user_id :580da2056558be29d4cbde30
2016-10-24T05:56:22.274Z - info: Displaying items for home page || user_id :580da2056558be29d4cbde30
2016-10-24T05:56:24.486Z - info: Redirecting to sell page || user_id :580da2056558be29d4cbde30
2016-10-24T05:56:40.688Z - info: storing item for sell page || user_id :580da2056558be29d4cbde30
2016-10-24T05:56:40.699Z - info: Inserting sell item for seller data for sell page || user_id :580da2056558be29d4cbde30
2016-10-24T05:56:40.765Z - info: Redirecting to home page || user_id :580da2056558be29d4cbde30
2016-10-24T05:56:42.323Z - info: Displaying items for home page || user_id :580da2056558be29d4cbde30
2016-10-24T05:56:43.763Z - info: Redirecting to sell page || user_id :580da2056558be29d4cbde30
2016-10-24T05:56:58.956Z - info: storing item for sell page || user_id :580da2056558be29d4cbde30
2016-10-24T05:56:58.966Z - info: Inserting sell item for seller data for sell page || user_id :580da2056558be29d4cbde30
2016-10-24T05:56:59.019Z - info: Redirecting to home page || user_id :580da2056558be29d4cbde30
2016-10-24T05:56:59.752Z - info: Displaying items for home page || user_id :580da2056558be29d4cbde30
2016-10-24T05:57:02.770Z - info: User sigining out ||user_id :580da2056558be29d4cbde30
2016-10-24T05:57:02.814Z - info: Redirecting to home page || anonymous user
2016-10-24T05:57:06.326Z - info: Redirecting to login page
2016-10-24T05:57:11.921Z - info: User logged in ||user_id :580da2146558be29d4cbde31
2016-10-24T05:57:11.989Z - info: Redirecting to home page || user_id :580da2146558be29d4cbde31
2016-10-24T05:57:12.721Z - info: Displaying items for home page || user_id :580da2146558be29d4cbde31
2016-10-24T05:57:14.656Z - info: Redirecting to sell page || user_id :580da2146558be29d4cbde31
2016-10-24T05:57:49.769Z - info: storing item for sell page || user_id :580da2146558be29d4cbde31
2016-10-24T05:57:49.783Z - info: Inserting sell item for seller data for sell page || user_id :580da2146558be29d4cbde31
2016-10-24T05:57:49.832Z - info: Redirecting to home page || user_id :580da2146558be29d4cbde31
2016-10-24T05:57:50.740Z - info: Displaying items for home page || user_id :580da2146558be29d4cbde31
2016-10-24T05:57:52.880Z - info: Redirecting to sell page || user_id :580da2146558be29d4cbde31
2016-10-24T05:58:04.252Z - info: storing item for sell page || user_id :580da2146558be29d4cbde31
2016-10-24T05:58:04.264Z - info: Inserting sell item for seller data for sell page || user_id :580da2146558be29d4cbde31
2016-10-24T05:58:04.315Z - info: Redirecting to home page || user_id :580da2146558be29d4cbde31
2016-10-24T05:58:05.032Z - info: Displaying items for home page || user_id :580da2146558be29d4cbde31
2016-10-24T05:58:09.323Z - info: Redirecting to detail page || user_id :580da2146558be29d4cbde31
2016-10-24T05:58:10.306Z - info: Displaying items for detail page || user_id :580da2146558be29d4cbde31
2016-10-24T05:59:27.867Z - info: Item add to shopping cart page || user_id :580da2146558be29d4cbde31
2016-10-24T05:59:27.990Z - info: Redirecting to shopping cart page || user_id :580da2146558be29d4cbde31
2016-10-24T05:59:29.560Z - info: Fetching shopping cart items || user_id :580da2146558be29d4cbde31
2016-10-24T05:59:53.508Z - info: Redirecting to home page || user_id :580da2146558be29d4cbde31
2016-10-24T05:59:55.071Z - info: Displaying items for home page || user_id :580da2146558be29d4cbde31
2016-10-24T05:59:57.398Z - info: Redirecting to detail page || user_id :580da2146558be29d4cbde31
2016-10-24T05:59:58.424Z - info: Displaying items for detail page || user_id :580da2146558be29d4cbde31
2016-10-24T06:00:00.783Z - info: Item add to shopping cart page || user_id :580da2146558be29d4cbde31
2016-10-24T06:00:00.840Z - info: Redirecting to shopping cart page || user_id :580da2146558be29d4cbde31
2016-10-24T06:00:02.185Z - info: Fetching shopping cart items || user_id :580da2146558be29d4cbde31
2016-10-24T06:00:42.678Z - info: Redirecting to shopping cart page || user_id :580da2146558be29d4cbde31
2016-10-24T06:00:43.540Z - info: Fetching shopping cart items || user_id :580da2146558be29d4cbde31
2016-10-24T06:00:47.783Z - info: confirming order and redirecting to payment page || user_id :580da2146558be29d4cbde31
2016-10-24T06:00:47.827Z - info: Redirecting to payment page || user_id :580da2146558be29d4cbde31
2016-10-24T06:00:48.533Z - info: Fetching shopping cart items || user_id :580da2146558be29d4cbde31
2016-10-24T06:01:14.287Z - info: Redirecting to payment page || user_id :580da2146558be29d4cbde31
2016-10-24T06:01:15.145Z - info: Fetching shopping cart items || user_id :580da2146558be29d4cbde31
2016-10-24T06:01:59.935Z - info: Validating card for payment page || user_id :580da2146558be29d4cbde31
2016-10-24T06:01:59.936Z - info: Valid card || user_id :580da2146558be29d4cbde31
2016-10-24T06:02:01.614Z - info: placing order and redirecting to home page || user_id :580da2146558be29d4cbde31
2016-10-24T06:02:01.673Z - info: Redirecting to home page || user_id :580da2146558be29d4cbde31
2016-10-24T06:02:02.466Z - info: Displaying items for home page || user_id :580da2146558be29d4cbde31
2016-10-24T06:07:42.122Z - info: Redirecting to home page || user_id :580da2146558be29d4cbde31
2016-10-24T06:07:42.858Z - info: Displaying items for home page || user_id :580da2146558be29d4cbde31
2016-10-24T06:07:44.104Z - info: Redirecting to shopping cart page || user_id :580da2146558be29d4cbde31
2016-10-24T06:07:46.257Z - info: Fetching shopping cart items || user_id :580da2146558be29d4cbde31
2016-10-24T06:07:47.803Z - info: confirming order and redirecting to payment page || user_id :580da2146558be29d4cbde31
2016-10-24T06:07:47.885Z - info: Redirecting to payment page || user_id :580da2146558be29d4cbde31
2016-10-24T06:07:49.054Z - info: Fetching shopping cart items || user_id :580da2146558be29d4cbde31
2016-10-24T06:08:00.346Z - info: Validating card for payment page || user_id :580da2146558be29d4cbde31
2016-10-24T06:08:00.347Z - info: Valid card || user_id :580da2146558be29d4cbde31
2016-10-24T06:08:01.297Z - info: placing order and redirecting to home page || user_id :580da2146558be29d4cbde31
2016-10-24T06:08:01.364Z - info: Redirecting to home page || user_id :580da2146558be29d4cbde31
2016-10-24T06:08:02.837Z - info: Displaying items for home page || user_id :580da2146558be29d4cbde31
2016-10-24T06:11:40.088Z - info: Redirecting to shopping cart page || user_id :580da2146558be29d4cbde31
2016-10-24T06:11:40.842Z - info: Fetching shopping cart items || user_id :580da2146558be29d4cbde31
2016-10-24T06:11:42.372Z - info: confirming order and redirecting to payment page || user_id :580da2146558be29d4cbde31
2016-10-24T06:11:42.469Z - info: Redirecting to payment page || user_id :580da2146558be29d4cbde31
2016-10-24T06:11:43.194Z - info: Fetching shopping cart items || user_id :580da2146558be29d4cbde31
2016-10-24T06:11:53.073Z - info: Validating card for payment page || user_id :580da2146558be29d4cbde31
2016-10-24T06:11:53.074Z - info: Valid card || user_id :580da2146558be29d4cbde31
2016-10-24T06:11:53.911Z - info: placing order and redirecting to home page || user_id :580da2146558be29d4cbde31
2016-10-24T06:13:53.956Z - info: placing order and redirecting to home page || user_id :580da2146558be29d4cbde31
2016-10-24T06:29:17.430Z - info: placing order and redirecting to home page || user_id :580da2146558be29d4cbde31
2016-10-24T06:29:17.554Z - info: Redirecting to home page || user_id :580da2146558be29d4cbde31
2016-10-24T06:29:18.363Z - info: Displaying items for home page || user_id :580da2146558be29d4cbde31
2016-10-24T06:31:04.060Z - info: Redirecting to shopping cart page || user_id :580da2146558be29d4cbde31
2016-10-24T06:31:05.060Z - info: Fetching shopping cart items || user_id :580da2146558be29d4cbde31
2016-10-24T06:31:06.024Z - info: confirming order and redirecting to payment page || user_id :580da2146558be29d4cbde31
2016-10-24T06:31:06.132Z - info: Redirecting to payment page || user_id :580da2146558be29d4cbde31
2016-10-24T06:31:06.802Z - info: Fetching shopping cart items || user_id :580da2146558be29d4cbde31
2016-10-24T06:31:22.470Z - info: Validating card for payment page || user_id :580da2146558be29d4cbde31
2016-10-24T06:31:22.471Z - info: Valid card || user_id :580da2146558be29d4cbde31
2016-10-24T06:31:24.040Z - info: placing order and redirecting to home page || user_id :580da2146558be29d4cbde31
2016-10-24T06:31:24.137Z - info: Redirecting to home page || user_id :580da2146558be29d4cbde31
2016-10-24T06:31:24.874Z - info: Displaying items for home page || user_id :580da2146558be29d4cbde31
2016-10-24T06:32:13.532Z - info: Redirecting to shopping cart page || user_id :580da2146558be29d4cbde31
2016-10-24T06:32:14.295Z - info: Fetching shopping cart items || user_id :580da2146558be29d4cbde31
2016-10-24T06:32:15.911Z - info: confirming order and redirecting to payment page || user_id :580da2146558be29d4cbde31
2016-10-24T06:32:15.973Z - info: Redirecting to payment page || user_id :580da2146558be29d4cbde31
2016-10-24T06:32:16.650Z - info: Fetching shopping cart items || user_id :580da2146558be29d4cbde31
2016-10-24T06:32:25.142Z - info: Validating card for payment page || user_id :580da2146558be29d4cbde31
2016-10-24T06:32:25.142Z - info: Valid card || user_id :580da2146558be29d4cbde31
2016-10-24T06:32:26.484Z - info: placing order and redirecting to home page || user_id :580da2146558be29d4cbde31
2016-10-24T06:32:26.564Z - info: Redirecting to home page || user_id :580da2146558be29d4cbde31
2016-10-24T06:32:28.403Z - info: Displaying items for home page || user_id :580da2146558be29d4cbde31
2016-10-24T06:33:37.901Z - info: Redirecting to shopping cart page || user_id :580da2146558be29d4cbde31
2016-10-24T06:33:38.640Z - info: Fetching shopping cart items || user_id :580da2146558be29d4cbde31
2016-10-24T06:33:39.823Z - info: confirming order and redirecting to payment page || user_id :580da2146558be29d4cbde31
2016-10-24T06:33:39.923Z - info: Redirecting to payment page || user_id :580da2146558be29d4cbde31
2016-10-24T06:33:40.556Z - info: Fetching shopping cart items || user_id :580da2146558be29d4cbde31
2016-10-24T06:33:53.931Z - info: Validating card for payment page || user_id :580da2146558be29d4cbde31
2016-10-24T06:33:53.931Z - info: Valid card || user_id :580da2146558be29d4cbde31
2016-10-24T06:33:55.241Z - info: placing order and redirecting to home page || user_id :580da2146558be29d4cbde31
2016-10-24T06:33:55.324Z - info: Redirecting to home page || user_id :580da2146558be29d4cbde31
2016-10-24T06:33:56.829Z - info: Displaying items for home page || user_id :580da2146558be29d4cbde31
2016-10-24T06:34:19.655Z - info: Redirecting to detail page || user_id :580da2146558be29d4cbde31
2016-10-24T06:34:20.524Z - info: Displaying items for detail page || user_id :580da2146558be29d4cbde31
2016-10-24T06:34:41.603Z - info: Redirecting to detail page || user_id :580da2146558be29d4cbde31
2016-10-24T06:34:43.651Z - info: Displaying items for detail page || user_id :580da2146558be29d4cbde31
2016-10-24T06:34:47.050Z - info: Item add to shopping cart page || user_id :580da2146558be29d4cbde31
2016-10-24T06:34:47.117Z - info: Redirecting to shopping cart page || user_id :580da2146558be29d4cbde31
2016-10-24T06:34:47.891Z - info: Fetching shopping cart items || user_id :580da2146558be29d4cbde31
2016-10-24T06:34:49.873Z - info: confirming order and redirecting to payment page || user_id :580da2146558be29d4cbde31
2016-10-24T06:34:49.933Z - info: Redirecting to payment page || user_id :580da2146558be29d4cbde31
2016-10-24T06:34:50.826Z - info: Fetching shopping cart items || user_id :580da2146558be29d4cbde31
2016-10-24T06:35:04.100Z - info: Validating card for payment page || user_id :580da2146558be29d4cbde31
2016-10-24T06:35:04.101Z - info: Valid card || user_id :580da2146558be29d4cbde31
2016-10-24T06:35:05.293Z - info: placing order and redirecting to home page || user_id :580da2146558be29d4cbde31
2016-10-24T06:35:05.380Z - info: Redirecting to home page || user_id :580da2146558be29d4cbde31
2016-10-24T06:35:07.553Z - info: Displaying items for home page || user_id :580da2146558be29d4cbde31
2016-10-24T07:41:29.955Z - info: Redirecting to detail page || user_id :580da2146558be29d4cbde31
2016-10-24T07:41:31.703Z - info: Displaying items for detail page || user_id :580da2146558be29d4cbde31
2016-10-24T07:41:37.528Z - info: Redirecting to detail page || user_id :580da2146558be29d4cbde31
2016-10-24T07:41:38.391Z - info: Displaying items for detail page || user_id :580da2146558be29d4cbde31
2016-10-24T07:42:11.616Z - info: Redirecting to detail page || user_id :580da2146558be29d4cbde31
2016-10-24T07:42:12.491Z - info: Displaying items for detail page || user_id :580da2146558be29d4cbde31
2016-10-24T07:42:18.117Z - info: bidding on item for detail page || user_id :580da2146558be29d4cbde31
2016-10-24T07:42:18.130Z - info: Inserting on bidding item for detail page || user_id :580da2146558be29d4cbde31
2016-10-24T07:42:19.677Z - info: Redirecting to detail page || user_id :580da2146558be29d4cbde31
2016-10-24T07:42:20.604Z - info: Displaying items for detail page || user_id :580da2146558be29d4cbde31
2016-10-24T07:42:24.259Z - info: Redirecting to home page || user_id :580da2146558be29d4cbde31
2016-10-24T07:42:25.891Z - info: Displaying items for home page || user_id :580da2146558be29d4cbde31
2016-10-24T07:42:32.182Z - info: User sigining out ||user_id :580da2146558be29d4cbde31
2016-10-24T07:42:32.237Z - info: Redirecting to home page || anonymous user
2016-10-24T07:42:32.976Z - info: Displaying items for home page || anonymous user
2016-10-24T07:42:34.553Z - info: Redirecting to login page
2016-10-24T07:42:39.116Z - info: User logged in ||user_id :580da2056558be29d4cbde30
2016-10-24T07:42:39.181Z - info: Redirecting to home page || user_id :580da2056558be29d4cbde30
2016-10-24T07:42:42.496Z - info: Displaying items for home page || user_id :580da2056558be29d4cbde30
2016-10-24T07:42:45.452Z - info: Redirecting to detail page || user_id :580da2056558be29d4cbde30
2016-10-24T07:42:46.358Z - info: Displaying items for detail page || user_id :580da2056558be29d4cbde30
2016-10-24T07:42:50.979Z - info: bidding on item for detail page || user_id :580da2056558be29d4cbde30
2016-10-24T07:42:50.988Z - info: Inserting on bidding item for detail page || user_id :580da2056558be29d4cbde30
2016-10-24T07:42:52.242Z - info: Redirecting to detail page || user_id :580da2056558be29d4cbde30
2016-10-24T07:42:53.233Z - info: Displaying items for detail page || user_id :580da2056558be29d4cbde30
2016-10-24T17:52:28.793Z - info: Redirecting to home page || anonymous user
2016-10-24T17:52:30.154Z - info: Displaying items for home page || anonymous user
2016-10-24T18:29:54.090Z - info: Displaying my collection details || user_id :580da2056558be29d4cbde30
2016-10-24T18:29:58.440Z - info: Redirecting to my account page || user_id :580da2056558be29d4cbde30
2016-10-24T18:30:13.240Z - info: Redirecting to my account page || user_id :580da2056558be29d4cbde30
2016-10-24T18:30:38.986Z - info: Redirecting to my account page || user_id :580da2056558be29d4cbde30
2016-10-24T18:32:22.034Z - info: Redirecting to my account page || user_id :580da2056558be29d4cbde30
2016-10-24T18:33:05.204Z - info: Redirecting to home page || user_id :580da2056558be29d4cbde30
2016-10-24T18:33:05.972Z - info: Displaying items for home page || user_id :580da2056558be29d4cbde30
2016-10-24T18:33:08.625Z - info: Redirecting to my account page || user_id :580da2056558be29d4cbde30
2016-10-24T18:37:24.818Z - info: Redirecting to my account page || user_id :580da2056558be29d4cbde30
2016-10-24T18:37:32.241Z - info: User sigining out ||user_id :580da2056558be29d4cbde30
2016-10-24T18:37:32.290Z - info: Redirecting to home page || anonymous user
2016-10-24T18:37:33.070Z - info: Displaying items for home page || anonymous user
2016-10-24T18:37:34.660Z - info: Redirecting to login page
2016-10-24T18:37:39.559Z - info: User logged in ||user_id :580da2226558be29d4cbde32
2016-10-24T18:37:39.627Z - info: Redirecting to home page || user_id :580da2226558be29d4cbde32
2016-10-24T18:37:40.606Z - info: Displaying items for home page || user_id :580da2226558be29d4cbde32
2016-10-24T18:40:32.411Z - info: Redirecting to home page || user_id :580da2226558be29d4cbde32
2016-10-24T18:40:33.157Z - info: Displaying items for home page || user_id :580da2226558be29d4cbde32
2016-10-24T18:41:18.306Z - info: Redirecting to home page || user_id :580da2226558be29d4cbde32
2016-10-24T18:41:19.019Z - info: Displaying items for home page || user_id :580da2226558be29d4cbde32
2016-10-24T18:41:50.190Z - info: Displaying my collection details || user_id :580da2226558be29d4cbde32
2016-10-24T18:52:32.037Z - info: Displaying my collection details || user_id :580da2226558be29d4cbde32
2016-10-24T18:52:32.809Z - info: Displaying  my collection details for order history || user_id :580da2226558be29d4cbde32
2016-10-24T18:56:04.901Z - info: Displaying  my collection details for order history || user_id :580da2226558be29d4cbde32
2016-10-24T18:57:38.345Z - info: User sigining out ||user_id :580da2226558be29d4cbde32
2016-10-24T18:57:38.400Z - info: Redirecting to home page || anonymous user
2016-10-24T18:57:39.160Z - info: Displaying items for home page || anonymous user
2016-10-24T18:57:42.018Z - info: Redirecting to login page
2016-10-24T19:03:16.743Z - info: User logged in ||user_id :580da1f36558be29d4cbde2f
2016-10-24T19:03:16.839Z - info: Redirecting to home page || user_id :580da1f36558be29d4cbde2f
2016-10-24T19:03:17.560Z - info: Displaying items for home page || user_id :580da1f36558be29d4cbde2f
2016-10-24T19:03:20.984Z - info: Redirecting to my account page || user_id :580da1f36558be29d4cbde2f
2016-10-24T19:04:47.475Z - info: Displaying my collection details || user_id :580da1f36558be29d4cbde2f
2016-10-24T19:04:48.318Z - info: Displaying  my collection details for order history || user_id :580da1f36558be29d4cbde2f
2016-10-24T19:10:08.159Z - info: Displaying my collection details || user_id :580da1f36558be29d4cbde2f
2016-10-24T19:10:08.895Z - info: Displaying  my collection details for order history || user_id :580da1f36558be29d4cbde2f
2016-10-24T19:10:14.053Z - info: Redirecting to home page || user_id :580da1f36558be29d4cbde2f
2016-10-24T19:10:14.769Z - info: Displaying items for home page || user_id :580da1f36558be29d4cbde2f
2016-10-24T19:10:51.425Z - info: Redirecting to home page || user_id :580da1f36558be29d4cbde2f
2016-10-24T19:10:52.191Z - info: Displaying items for home page || user_id :580da1f36558be29d4cbde2f
2016-10-24T19:10:53.183Z - info: Redirecting to detail page || user_id :580da1f36558be29d4cbde2f
2016-10-24T19:10:54.001Z - info: Displaying items for detail page || user_id :580da1f36558be29d4cbde2f
2016-10-24T19:10:57.351Z - info: Item add to shopping cart page || user_id :580da1f36558be29d4cbde2f
2016-10-24T19:10:57.466Z - info: Redirecting to shopping cart page || user_id :580da1f36558be29d4cbde2f
2016-10-24T19:10:58.159Z - info: Fetching shopping cart items || user_id :580da1f36558be29d4cbde2f
2016-10-24T19:10:59.954Z - info: Redirecting to home page || user_id :580da1f36558be29d4cbde2f
2016-10-24T19:11:00.615Z - info: Displaying items for home page || user_id :580da1f36558be29d4cbde2f
2016-10-24T19:11:02.820Z - info: Redirecting to detail page || user_id :580da1f36558be29d4cbde2f
2016-10-24T19:11:03.830Z - info: Displaying items for detail page || user_id :580da1f36558be29d4cbde2f
2016-10-24T19:11:05.661Z - info: Item add to shopping cart page || user_id :580da1f36558be29d4cbde2f
2016-10-24T19:11:05.759Z - info: Redirecting to shopping cart page || user_id :580da1f36558be29d4cbde2f
2016-10-24T19:11:06.510Z - info: Fetching shopping cart items || user_id :580da1f36558be29d4cbde2f
2016-10-24T19:11:08.012Z - info: confirming order and redirecting to payment page || user_id :580da1f36558be29d4cbde2f
2016-10-24T19:11:08.118Z - info: Redirecting to payment page || user_id :580da1f36558be29d4cbde2f
2016-10-24T19:11:08.876Z - info: Fetching shopping cart items || user_id :580da1f36558be29d4cbde2f
2016-10-24T19:11:15.988Z - info: Validating card for payment page || user_id :580da1f36558be29d4cbde2f
2016-10-24T19:11:15.988Z - info: Valid card || user_id :580da1f36558be29d4cbde2f
2016-10-24T19:11:16.668Z - info: placing order and redirecting to home page || user_id :580da1f36558be29d4cbde2f
2016-10-24T19:11:16.756Z - info: Redirecting to home page || user_id :580da1f36558be29d4cbde2f
2016-10-24T19:11:17.599Z - info: Displaying items for home page || user_id :580da1f36558be29d4cbde2f
2016-10-24T19:18:21.431Z - info: Redirecting to detail page || user_id :580da1f36558be29d4cbde2f
2016-10-24T19:18:22.184Z - info: Displaying items for detail page || user_id :580da1f36558be29d4cbde2f
2016-10-24T19:18:33.122Z - info: Item add to shopping cart page || user_id :580da1f36558be29d4cbde2f
2016-10-24T19:18:33.218Z - info: Redirecting to shopping cart page || user_id :580da1f36558be29d4cbde2f
2016-10-24T19:18:33.872Z - info: Fetching shopping cart items || user_id :580da1f36558be29d4cbde2f
2016-10-24T19:18:35.526Z - info: Redirecting to home page || user_id :580da1f36558be29d4cbde2f
2016-10-24T19:18:36.139Z - info: Displaying items for home page || user_id :580da1f36558be29d4cbde2f
2016-10-24T19:18:37.274Z - info: Redirecting to detail page || user_id :580da1f36558be29d4cbde2f
2016-10-24T19:18:37.965Z - info: Displaying items for detail page || user_id :580da1f36558be29d4cbde2f
2016-10-24T19:18:40.923Z - info: Item add to shopping cart page || user_id :580da1f36558be29d4cbde2f
2016-10-24T19:18:40.977Z - info: Redirecting to shopping cart page || user_id :580da1f36558be29d4cbde2f
2016-10-24T19:18:41.714Z - info: Fetching shopping cart items || user_id :580da1f36558be29d4cbde2f
2016-10-24T19:18:43.222Z - info: confirming order and redirecting to payment page || user_id :580da1f36558be29d4cbde2f
2016-10-24T19:18:43.299Z - info: Redirecting to payment page || user_id :580da1f36558be29d4cbde2f
2016-10-24T19:18:44.044Z - info: Fetching shopping cart items || user_id :580da1f36558be29d4cbde2f
2016-10-24T19:18:52.436Z - info: Validating card for payment page || user_id :580da1f36558be29d4cbde2f
2016-10-24T19:18:52.436Z - info: Valid card || user_id :580da1f36558be29d4cbde2f
2016-10-24T19:18:53.324Z - info: placing order and redirecting to home page || user_id :580da1f36558be29d4cbde2f
2016-10-24T19:18:53.388Z - info: Redirecting to home page || user_id :580da1f36558be29d4cbde2f
2016-10-24T19:18:54.043Z - info: Displaying items for home page || user_id :580da1f36558be29d4cbde2f
2016-10-24T19:19:02.636Z - info: Redirecting to my account page || user_id :580da1f36558be29d4cbde2f
2016-10-24T19:19:05.973Z - info: Displaying my collection details || user_id :580da1f36558be29d4cbde2f
2016-10-24T19:19:06.804Z - info: Displaying  my collection details for order history || user_id :580da1f36558be29d4cbde2f
2016-10-24T19:19:10.776Z - info: Displaying  my collection details for order history || user_id :580da1f36558be29d4cbde2f
2016-10-24T19:20:15.932Z - info: Displaying  my collection details for order history || user_id :580da1f36558be29d4cbde2f
2016-10-24T19:20:40.204Z - info: Displaying  my collection details for order history || user_id :580da1f36558be29d4cbde2f
2016-10-24T19:21:01.010Z - info: Displaying  my collection details for order history || user_id :580da1f36558be29d4cbde2f
2016-10-24T19:24:01.499Z - info: Redirecting to home page || user_id :580bfddfb576ee0b387452bf
2016-10-24T19:24:04.221Z - info: Displaying items for home page || user_id :580bfddfb576ee0b387452bf
2016-10-24T19:24:06.605Z - info: Displaying my collection details || user_id :580bfddfb576ee0b387452bf
2016-10-24T19:24:07.383Z - info: Displaying  my collection details for order history || user_id :580bfddfb576ee0b387452bf
2016-10-24T19:25:38.420Z - info: Redirecting to home page || anonymous user
2016-10-24T19:25:39.121Z - info: Displaying items for home page || anonymous user
2016-10-24T19:28:31.470Z - info: Displaying  my collection details for order history || user_id :580bfddfb576ee0b387452bf
2016-10-24T19:28:34.475Z - info: Displaying my collection details || user_id :580bfddfb576ee0b387452bf
2016-10-24T19:28:35.381Z - info: Displaying  my collection details for order history || user_id :580bfddfb576ee0b387452bf
2016-10-24T19:28:47.826Z - info: Displaying my collection details || user_id :580bfddfb576ee0b387452bf
2016-10-24T19:28:48.789Z - info: Displaying  my collection details for order history || user_id :580bfddfb576ee0b387452bf
2016-10-24T19:29:10.190Z - info: Displaying  my collection details for order history || user_id :580bfddfb576ee0b387452bf
2016-10-24T19:30:28.367Z - info: Redirecting to my account page || user_id :580bfddfb576ee0b387452bf
2016-10-24T19:30:33.631Z - info: User sigining out ||user_id :580bfddfb576ee0b387452bf
2016-10-24T19:30:33.658Z - info: Redirecting to home page || anonymous user
2016-10-24T19:30:34.414Z - info: Displaying items for home page || anonymous user
2016-10-24T19:30:35.628Z - info: Redirecting to login page
2016-10-24T19:30:39.666Z - info: User logged in ||user_id :580da1f36558be29d4cbde2f
2016-10-24T19:30:39.719Z - info: Redirecting to home page || user_id :580da1f36558be29d4cbde2f
2016-10-24T19:30:41.456Z - info: Displaying items for home page || user_id :580da1f36558be29d4cbde2f
2016-10-24T19:30:45.109Z - info: Displaying my collection details || user_id :580da1f36558be29d4cbde2f
2016-10-24T19:30:45.780Z - info: Displaying  my collection details for order history || user_id :580da1f36558be29d4cbde2f
2016-10-24T19:31:10.307Z - info: Displaying  my collection details for order history || user_id :580da1f36558be29d4cbde2f
2016-10-24T19:32:49.848Z - info: Displaying my collection details || user_id :580da1f36558be29d4cbde2f
2016-10-24T19:32:51.613Z - info: Displaying my collection details || user_id :580da1f36558be29d4cbde2f
2016-10-24T19:32:53.617Z - info: Displaying  my collection details for order history || user_id :580da1f36558be29d4cbde2f
2016-10-24T19:34:04.873Z - info: Displaying my collection details || user_id :580da1f36558be29d4cbde2f
2016-10-24T19:34:06.412Z - info: Displaying  my collection details for order history || user_id :580da1f36558be29d4cbde2f
2016-10-24T19:34:18.755Z - info: Displaying  my collection details for order history || user_id :580da1f36558be29d4cbde2f
2016-10-24T19:38:32.830Z - info: Displaying my collection details || user_id :580da1f36558be29d4cbde2f
2016-10-24T19:38:34.536Z - info: Displaying  my collection details for order history || user_id :580da1f36558be29d4cbde2f
2016-10-24T19:38:36.688Z - info: Displaying  my collection details for order history || user_id :580da1f36558be29d4cbde2f
2016-10-24T19:39:02.303Z - info: Displaying  my collection details for order history || user_id :580da1f36558be29d4cbde2f
2016-10-24T19:42:02.290Z - info: Displaying my collection details || user_id :580da1f36558be29d4cbde2f
2016-10-24T19:42:04.181Z - info: Displaying  my collection details for order history || user_id :580da1f36558be29d4cbde2f
2016-10-24T19:42:55.621Z - info: Displaying my collection details || user_id :580da1f36558be29d4cbde2f
2016-10-24T19:42:57.120Z - info: Displaying  my collection details for order history || user_id :580da1f36558be29d4cbde2f
2016-10-24T19:45:06.742Z - info: Displaying my collection details || user_id :580da1f36558be29d4cbde2f
2016-10-24T19:45:09.094Z - info: Displaying  my collection details for order history || user_id :580da1f36558be29d4cbde2f
2016-10-24T19:48:54.003Z - info: Displaying my collection details || user_id :580da1f36558be29d4cbde2f
2016-10-24T19:48:55.192Z - info: Displaying  my collection details for order history || user_id :580da1f36558be29d4cbde2f
2016-10-24T19:48:59.712Z - info: Displaying my collection details || user_id :580da1f36558be29d4cbde2f
2016-10-24T19:49:01.305Z - info: Displaying  my collection details for order history || user_id :580da1f36558be29d4cbde2f
2016-10-24T19:54:22.676Z - info: Displaying my collection details || user_id :580da1f36558be29d4cbde2f
2016-10-24T19:54:23.412Z - info: Displaying  my collection details for order history || user_id :580da1f36558be29d4cbde2f
2016-10-24T19:54:35.757Z - info: Displaying my collection details || user_id :580da1f36558be29d4cbde2f
2016-10-24T19:54:38.102Z - info: Displaying  my collection details for order history || user_id :580da1f36558be29d4cbde2f
2016-10-24T19:55:47.163Z - info: Displaying my collection details || user_id :580da1f36558be29d4cbde2f
2016-10-24T19:55:48.565Z - info: Displaying  my collection details for order history || user_id :580da1f36558be29d4cbde2f
2016-10-24T19:57:19.090Z - info: Displaying my collection details || user_id :580da1f36558be29d4cbde2f
2016-10-24T19:57:20.697Z - info: Displaying  my collection details for order history || user_id :580da1f36558be29d4cbde2f
2016-10-24T19:57:39.360Z - info: Displaying my collection details || user_id :580da1f36558be29d4cbde2f
2016-10-24T19:57:41.258Z - info: Displaying  my collection details for order history || user_id :580da1f36558be29d4cbde2f
2016-10-24T19:59:53.184Z - info: Displaying my collection details || user_id :580da1f36558be29d4cbde2f
2016-10-24T19:59:54.757Z - info: Displaying  my collection details for order history || user_id :580da1f36558be29d4cbde2f
2016-10-24T20:07:15.350Z - info: Displaying my collection details || user_id :580da1f36558be29d4cbde2f
2016-10-24T20:07:16.916Z - info: Displaying  my collection details for order history || user_id :580da1f36558be29d4cbde2f
2016-10-24T20:30:54.536Z - info: Redirecting to home page || user_id :580da1f36558be29d4cbde2f
2016-10-24T20:30:58.976Z - info: Displaying items for home page || user_id :580da1f36558be29d4cbde2f
2016-10-24T20:31:03.095Z - info: User sigining out ||user_id :580da1f36558be29d4cbde2f
2016-10-24T20:31:03.127Z - info: Redirecting to home page || anonymous user
2016-10-24T20:31:03.815Z - info: Displaying items for home page || anonymous user
2016-10-24T20:31:04.992Z - info: Redirecting to login page
2016-10-24T20:31:11.011Z - info: User logged in ||user_id :580da2226558be29d4cbde32
2016-10-24T20:31:11.057Z - info: Redirecting to home page || user_id :580da2226558be29d4cbde32
2016-10-24T20:31:11.816Z - info: Displaying items for home page || user_id :580da2226558be29d4cbde32
2016-10-24T20:31:13.561Z - info: Redirecting to detail page || user_id :580da2226558be29d4cbde32
2016-10-24T20:31:14.287Z - info: Displaying items for detail page || user_id :580da2226558be29d4cbde32
2016-10-24T20:31:18.620Z - info: confirming order and redirecting to payment page || user_id :580da2226558be29d4cbde32
2016-10-24T20:31:18.675Z - info: Redirecting to payment page || user_id :580da2226558be29d4cbde32
2016-10-24T20:31:19.407Z - info: Displaying items for detail page || user_id :580da2226558be29d4cbde32
2016-10-24T20:31:28.283Z - info: Validating card for payment page || user_id :580da2226558be29d4cbde32
2016-10-24T20:31:28.284Z - info: Valid card || user_id :580da2226558be29d4cbde32
2016-10-24T20:31:29.213Z - info: placing order and redirecting to home page || user_id :580da2226558be29d4cbde32
2016-10-24T20:31:29.265Z - info: Redirecting to home page || user_id :580da2226558be29d4cbde32
2016-10-24T20:31:31.644Z - info: Displaying items for home page || user_id :580da2226558be29d4cbde32
2016-10-24T20:31:36.922Z - info: Redirecting to detail page || user_id :580da2226558be29d4cbde32
2016-10-24T20:31:37.775Z - info: Displaying items for detail page || user_id :580da2226558be29d4cbde32
2016-10-24T20:31:41.339Z - info: Item add to shopping cart page || user_id :580da2226558be29d4cbde32
2016-10-24T20:31:41.391Z - info: Redirecting to shopping cart page || user_id :580da2226558be29d4cbde32
2016-10-24T20:31:43.514Z - info: Fetching shopping cart items || user_id :580da2226558be29d4cbde32
2016-10-24T20:31:45.407Z - info: confirming order and redirecting to payment page || user_id :580da2226558be29d4cbde32
2016-10-24T20:31:45.445Z - info: Redirecting to payment page || user_id :580da2226558be29d4cbde32
2016-10-24T20:31:46.228Z - info: Fetching shopping cart items || user_id :580da2226558be29d4cbde32
2016-10-24T20:31:55.916Z - info: Validating card for payment page || user_id :580da2226558be29d4cbde32
2016-10-24T20:31:55.917Z - info: Valid card || user_id :580da2226558be29d4cbde32
2016-10-24T20:31:56.925Z - info: placing order and redirecting to home page || user_id :580da2226558be29d4cbde32
2016-10-24T20:31:56.984Z - info: Redirecting to home page || user_id :580da2226558be29d4cbde32
2016-10-24T20:31:57.647Z - info: Displaying items for home page || user_id :580da2226558be29d4cbde32
2016-10-24T20:32:01.339Z - info: Displaying my collection details || user_id :580da2226558be29d4cbde32
2016-10-24T20:32:02.105Z - info: Displaying  my collection details for order history || user_id :580da2226558be29d4cbde32
2016-10-24T20:32:09.071Z - info: Redirecting to home page || user_id :580da2226558be29d4cbde32
2016-10-24T20:32:09.698Z - info: Displaying items for home page || user_id :580da2226558be29d4cbde32
2016-10-24T20:32:25.446Z - info: Displaying my collection details || user_id :580da1f36558be29d4cbde2f
2016-10-24T20:32:26.494Z - info: Displaying  my collection details for order history || user_id :580da1f36558be29d4cbde2f
2016-10-24T20:42:23.124Z - info: Redirecting to home page || user_id :580da2226558be29d4cbde32
2016-10-24T20:42:23.895Z - info: Displaying items for home page || user_id :580da2226558be29d4cbde32
2016-10-24T20:42:29.081Z - info: Displaying my collection details || user_id :580da1f36558be29d4cbde2f
2016-10-24T20:42:30.164Z - info: Displaying  my collection details for order history || user_id :580da1f36558be29d4cbde2f
2016-10-24T21:20:31.956Z - info: Redirecting to home page || user_id :580da2226558be29d4cbde32
2016-10-24T21:20:32.891Z - info: Displaying items for home page || user_id :580da2226558be29d4cbde32
