2016-11-03T18:20:55.201Z - info: Redirecting to home page || anonymous user
2016-11-03T18:21:23.586Z - info: Redirecting to home page || anonymous user
2016-11-03T18:23:28.358Z - info: Redirecting to home page || anonymous user
2016-11-03T18:23:32.648Z - info: Redirecting to login page
2016-11-03T18:23:37.560Z - info: User logged in ||user_id :580da1f36558be29d4cbde2f
2016-11-03T18:23:37.621Z - info: Redirecting to home page || user_id :580da1f36558be29d4cbde2f
2016-11-03T18:28:21.754Z - info: Displaying items for home page || user_id :580da1f36558be29d4cbde2f
2016-11-03T18:28:32.895Z - info: Redirecting to home page || user_id :580da1f36558be29d4cbde2f
2016-11-03T18:28:33.686Z - info: Displaying items for home page || user_id :580da1f36558be29d4cbde2f
2016-11-03T18:28:41.342Z - info: Redirecting to home page || user_id :580da1f36558be29d4cbde2f
2016-11-03T18:28:42.946Z - info: Displaying items for home page || user_id :580da1f36558be29d4cbde2f
2016-11-03T18:28:48.721Z - info: Redirecting to home page || user_id :580da1f36558be29d4cbde2f
2016-11-03T18:28:49.885Z - info: Displaying items for home page || user_id :580da1f36558be29d4cbde2f
2016-11-03T18:28:54.288Z - info: User sigining out ||user_id :580da1f36558be29d4cbde2f
2016-11-03T18:28:54.324Z - info: Redirecting to home page || anonymous user
2016-11-03T18:28:55.281Z - info: Displaying items for home page || anonymous user
2016-11-03T18:29:03.031Z - info: Redirecting to login page
2016-11-03T18:29:47.258Z - info: Redirecting to login page
2016-11-03T18:30:07.518Z - info: Redirecting to login page
2016-11-03T18:30:12.462Z - info: User logged in ||user_id :580da1f36558be29d4cbde2f
2016-11-03T18:30:12.496Z - info: Redirecting to home page || user_id :580da1f36558be29d4cbde2f
2016-11-03T18:30:13.340Z - info: Displaying items for home page || user_id :580da1f36558be29d4cbde2f
2016-11-03T19:06:13.723Z - info: Redirecting to home page || user_id :580da1f36558be29d4cbde2f
2016-11-03T19:06:14.649Z - info: Displaying items for home page || user_id :580da1f36558be29d4cbde2f
2016-11-03T19:06:47.955Z - info: User sigining out ||user_id :580da1f36558be29d4cbde2f
2016-11-03T19:06:48.006Z - info: Redirecting to home page || anonymous user
2016-11-03T19:06:48.741Z - info: Displaying items for home page || anonymous user
2016-11-03T19:06:50.149Z - info: Redirecting to login page
2016-11-03T19:07:54.673Z - info: Redirecting to home page || anonymous user
2016-11-03T19:07:55.425Z - info: Displaying items for home page || anonymous user
2016-11-03T19:08:15.542Z - info: Redirecting to login page
2016-11-03T19:08:56.833Z - info: Redirecting to login page
2016-11-03T19:09:27.011Z - info: Redirecting to login page
2016-11-03T19:12:14.224Z - info: Redirecting to login page
2016-11-03T19:14:54.342Z - info: Redirecting to login page
2016-11-03T19:15:47.528Z - info: Redirecting to login page
2016-11-03T19:22:25.895Z - info: User logged in ||user_id :undefined
2016-11-03T19:22:25.917Z - info: Redirecting to home page || anonymous user
2016-11-03T19:22:26.694Z - info: Displaying items for home page || anonymous user
2016-11-03T19:22:30.464Z - info: Redirecting to home page || anonymous user
2016-11-03T19:22:32.326Z - info: Redirecting to login page
2016-11-03T19:22:40.516Z - info: User logged in ||user_id :undefined
2016-11-03T19:22:40.542Z - info: Redirecting to home page || anonymous user
2016-11-03T19:22:43.304Z - info: Displaying items for home page || anonymous user
2016-11-03T19:24:22.046Z - info: Redirecting to login page
2016-11-03T19:24:26.146Z - info: User logged in ||user_id :undefined
2016-11-03T19:24:26.179Z - info: Redirecting to home page || anonymous user
2016-11-03T19:24:26.861Z - info: Displaying items for home page || anonymous user
2016-11-03T19:26:12.070Z - info: Redirecting to login page
2016-11-03T19:26:16.545Z - info: User logged in ||user_id :undefined
2016-11-03T19:26:16.577Z - info: Redirecting to home page || anonymous user
2016-11-03T19:26:17.268Z - info: Displaying items for home page || anonymous user
2016-11-03T19:26:51.242Z - info: Redirecting to login page
2016-11-03T19:26:58.263Z - info: User logged in ||user_id :undefined
2016-11-03T19:26:58.303Z - info: Redirecting to home page || anonymous user
2016-11-03T19:27:01.041Z - info: Displaying items for home page || anonymous user
2016-11-03T19:27:56.242Z - info: Redirecting to login page
2016-11-03T19:28:00.099Z - info: User logged in ||user_id :580da2226558be29d4cbde32
2016-11-03T19:28:00.132Z - info: Redirecting to home page || user_id :580da2226558be29d4cbde32
2016-11-03T19:28:00.810Z - info: Displaying items for home page || user_id :580da2226558be29d4cbde32
2016-11-03T19:28:11.723Z - info: User sigining out ||user_id :580da2226558be29d4cbde32
2016-11-03T19:28:11.753Z - info: Redirecting to home page || anonymous user
2016-11-03T19:28:12.494Z - info: Displaying items for home page || anonymous user
2016-11-03T19:28:12.994Z - info: Redirecting to login page
2016-11-03T23:49:58.920Z - info: Displaying items for home page || anonymous user
2016-11-03T23:57:28.382Z - info: Displaying items for home page || anonymous user
2016-11-03T23:57:28.395Z - info: Displaying items for home page || anonymous user
2016-11-03T23:57:28.400Z - info: Displaying items for home page || anonymous user
2016-11-03T23:57:28.406Z - info: Displaying items for home page || anonymous user
2016-11-03T23:57:28.410Z - info: Displaying items for home page || anonymous user
2016-11-03T23:57:28.413Z - info: Displaying items for home page || anonymous user
2016-11-03T23:57:28.425Z - info: Displaying items for home page || anonymous user
2016-11-03T23:57:28.432Z - info: Displaying items for home page || anonymous user
2016-11-03T23:57:28.436Z - info: Displaying items for home page || anonymous user
2016-11-03T23:57:28.441Z - info: Displaying items for home page || anonymous user
2016-11-03T23:57:28.444Z - info: Displaying items for home page || anonymous user
2016-11-03T23:57:28.458Z - info: Displaying items for home page || anonymous user
2016-11-03T23:57:28.466Z - info: Displaying items for home page || anonymous user
2016-11-03T23:57:28.469Z - info: Displaying items for home page || anonymous user
2016-11-03T23:57:28.474Z - info: Displaying items for home page || anonymous user
2016-11-03T23:57:28.479Z - info: Displaying items for home page || anonymous user
2016-11-03T23:57:28.488Z - info: Displaying items for home page || anonymous user
2016-11-03T23:57:28.500Z - info: Displaying items for home page || anonymous user
2016-11-03T23:57:28.507Z - info: Displaying items for home page || anonymous user
2016-11-03T23:57:28.515Z - info: Displaying items for home page || anonymous user
2016-11-03T23:57:28.520Z - info: Displaying items for home page || anonymous user
2016-11-03T23:57:28.524Z - info: Displaying items for home page || anonymous user
2016-11-03T23:57:28.530Z - info: Displaying items for home page || anonymous user
2016-11-03T23:57:28.535Z - info: Displaying items for home page || anonymous user
2016-11-03T23:57:28.540Z - info: Displaying items for home page || anonymous user
2016-11-03T23:57:28.544Z - info: Displaying items for home page || anonymous user
2016-11-03T23:57:28.548Z - info: Displaying items for home page || anonymous user
2016-11-03T23:57:28.556Z - info: Displaying items for home page || anonymous user
2016-11-03T23:57:28.561Z - info: Displaying items for home page || anonymous user
2016-11-03T23:57:28.566Z - info: Displaying items for home page || anonymous user
2016-11-03T23:57:28.570Z - info: Displaying items for home page || anonymous user
2016-11-03T23:57:28.575Z - info: Displaying items for home page || anonymous user
2016-11-03T23:57:28.580Z - info: Displaying items for home page || anonymous user
2016-11-03T23:57:28.584Z - info: Displaying items for home page || anonymous user
2016-11-03T23:57:28.589Z - info: Displaying items for home page || anonymous user
2016-11-03T23:57:28.595Z - info: Displaying items for home page || anonymous user
2016-11-03T23:57:28.599Z - info: Displaying items for home page || anonymous user
2016-11-03T23:57:28.602Z - info: Displaying items for home page || anonymous user
2016-11-03T23:57:28.607Z - info: Displaying items for home page || anonymous user
2016-11-03T23:57:28.611Z - info: Displaying items for home page || anonymous user
2016-11-03T23:57:28.615Z - info: Displaying items for home page || anonymous user
2016-11-03T23:57:28.618Z - info: Displaying items for home page || anonymous user
2016-11-03T23:57:28.621Z - info: Displaying items for home page || anonymous user
2016-11-03T23:57:28.624Z - info: Displaying items for home page || anonymous user
2016-11-03T23:57:28.627Z - info: Displaying items for home page || anonymous user
2016-11-03T23:57:28.633Z - info: Displaying items for home page || anonymous user
2016-11-03T23:57:28.636Z - info: Displaying items for home page || anonymous user
2016-11-03T23:57:28.640Z - info: Displaying items for home page || anonymous user
2016-11-03T23:57:28.643Z - info: Displaying items for home page || anonymous user
2016-11-03T23:57:28.649Z - info: Displaying items for home page || anonymous user
2016-11-03T23:57:28.653Z - info: Displaying items for home page || anonymous user
2016-11-03T23:57:28.655Z - info: Displaying items for home page || anonymous user
2016-11-03T23:57:28.661Z - info: Displaying items for home page || anonymous user
2016-11-03T23:57:28.663Z - info: Displaying items for home page || anonymous user
2016-11-03T23:57:28.668Z - info: Displaying items for home page || anonymous user
2016-11-03T23:57:28.671Z - info: Displaying items for home page || anonymous user
2016-11-03T23:57:28.675Z - info: Displaying items for home page || anonymous user
2016-11-03T23:57:28.679Z - info: Displaying items for home page || anonymous user
2016-11-03T23:57:28.682Z - info: Displaying items for home page || anonymous user
2016-11-03T23:57:28.685Z - info: Displaying items for home page || anonymous user
2016-11-03T23:57:28.689Z - info: Displaying items for home page || anonymous user
2016-11-03T23:57:28.692Z - info: Displaying items for home page || anonymous user
2016-11-03T23:57:28.695Z - info: Displaying items for home page || anonymous user
2016-11-03T23:57:28.700Z - info: Displaying items for home page || anonymous user
2016-11-03T23:57:28.705Z - info: Displaying items for home page || anonymous user
2016-11-03T23:57:28.711Z - info: Displaying items for home page || anonymous user
2016-11-03T23:57:28.714Z - info: Displaying items for home page || anonymous user
2016-11-03T23:57:28.718Z - info: Displaying items for home page || anonymous user
2016-11-03T23:57:28.722Z - info: Displaying items for home page || anonymous user
2016-11-03T23:57:28.725Z - info: Displaying items for home page || anonymous user
2016-11-03T23:57:28.728Z - info: Displaying items for home page || anonymous user
2016-11-03T23:57:28.730Z - info: Displaying items for home page || anonymous user
2016-11-03T23:57:28.733Z - info: Displaying items for home page || anonymous user
2016-11-03T23:57:28.736Z - info: Displaying items for home page || anonymous user
2016-11-03T23:57:28.739Z - info: Displaying items for home page || anonymous user
2016-11-03T23:57:28.741Z - info: Displaying items for home page || anonymous user
2016-11-03T23:57:28.744Z - info: Displaying items for home page || anonymous user
2016-11-03T23:57:28.746Z - info: Displaying items for home page || anonymous user
2016-11-03T23:57:28.748Z - info: Displaying items for home page || anonymous user
2016-11-03T23:57:28.751Z - info: Displaying items for home page || anonymous user
2016-11-03T23:57:28.753Z - info: Displaying items for home page || anonymous user
2016-11-03T23:57:28.755Z - info: Displaying items for home page || anonymous user
2016-11-03T23:57:28.758Z - info: Displaying items for home page || anonymous user
2016-11-03T23:57:28.762Z - info: Displaying items for home page || anonymous user
2016-11-03T23:57:28.764Z - info: Displaying items for home page || anonymous user
2016-11-03T23:57:28.767Z - info: Displaying items for home page || anonymous user
2016-11-03T23:57:28.770Z - info: Displaying items for home page || anonymous user
2016-11-03T23:57:28.772Z - info: Displaying items for home page || anonymous user
2016-11-03T23:57:28.774Z - info: Displaying items for home page || anonymous user
2016-11-03T23:57:28.779Z - info: Displaying items for home page || anonymous user
2016-11-03T23:57:28.782Z - info: Displaying items for home page || anonymous user
2016-11-03T23:57:28.784Z - info: Displaying items for home page || anonymous user
2016-11-03T23:57:28.787Z - info: Displaying items for home page || anonymous user
2016-11-03T23:57:28.790Z - info: Displaying items for home page || anonymous user
2016-11-03T23:57:28.793Z - info: Displaying items for home page || anonymous user
2016-11-03T23:57:29.067Z - info: Displaying items for home page || anonymous user
2016-11-03T23:57:29.073Z - info: Displaying items for home page || anonymous user
2016-11-03T23:57:29.077Z - info: Displaying items for home page || anonymous user
2016-11-03T23:57:29.081Z - info: Displaying items for home page || anonymous user
2016-11-03T23:57:29.093Z - info: Displaying items for home page || anonymous user
2016-11-03T23:57:29.102Z - info: Displaying items for home page || anonymous user
2016-11-03T23:57:29.105Z - info: Displaying items for home page || anonymous user
2016-11-03T23:57:29.108Z - info: Displaying items for home page || anonymous user
2016-11-03T23:57:29.111Z - info: Displaying items for home page || anonymous user
2016-11-03T23:57:29.113Z - info: Displaying items for home page || anonymous user
2016-11-03T23:57:29.115Z - info: Displaying items for home page || anonymous user
2016-11-03T23:57:29.121Z - info: Displaying items for home page || anonymous user
2016-11-03T23:57:29.123Z - info: Displaying items for home page || anonymous user
2016-11-03T23:57:29.126Z - info: Displaying items for home page || anonymous user
2016-11-03T23:57:29.129Z - info: Displaying items for home page || anonymous user
2016-11-03T23:57:29.132Z - info: Displaying items for home page || anonymous user
2016-11-03T23:57:29.137Z - info: Displaying items for home page || anonymous user
2016-11-03T23:57:29.140Z - info: Displaying items for home page || anonymous user
2016-11-03T23:57:29.143Z - info: Displaying items for home page || anonymous user
2016-11-03T23:57:29.145Z - info: Displaying items for home page || anonymous user
2016-11-03T23:57:29.147Z - info: Displaying items for home page || anonymous user
2016-11-03T23:57:29.148Z - info: Displaying items for home page || anonymous user
2016-11-03T23:57:29.149Z - info: Displaying items for home page || anonymous user
2016-11-03T23:57:29.151Z - info: Displaying items for home page || anonymous user
2016-11-03T23:57:29.153Z - info: Displaying items for home page || anonymous user
2016-11-03T23:57:29.156Z - info: Displaying items for home page || anonymous user
2016-11-03T23:57:29.157Z - info: Displaying items for home page || anonymous user
2016-11-03T23:57:29.159Z - info: Displaying items for home page || anonymous user
2016-11-03T23:57:29.161Z - info: Displaying items for home page || anonymous user
2016-11-03T23:57:29.165Z - info: Displaying items for home page || anonymous user
2016-11-03T23:57:29.166Z - info: Displaying items for home page || anonymous user
2016-11-03T23:57:29.169Z - info: Displaying items for home page || anonymous user
2016-11-03T23:57:29.172Z - info: Displaying items for home page || anonymous user
2016-11-03T23:57:29.370Z - info: Displaying items for home page || anonymous user
2016-11-03T23:57:29.397Z - info: Displaying items for home page || anonymous user
2016-11-03T23:57:29.414Z - info: Displaying items for home page || anonymous user
2016-11-03T23:57:29.429Z - info: Displaying items for home page || anonymous user
2016-11-03T23:57:29.432Z - info: Displaying items for home page || anonymous user
2016-11-03T23:57:29.433Z - info: Displaying items for home page || anonymous user
2016-11-03T23:57:29.435Z - info: Displaying items for home page || anonymous user
2016-11-03T23:57:29.437Z - info: Displaying items for home page || anonymous user
2016-11-03T23:57:29.440Z - info: Displaying items for home page || anonymous user
2016-11-03T23:57:29.442Z - info: Displaying items for home page || anonymous user
2016-11-03T23:57:29.443Z - info: Displaying items for home page || anonymous user
2016-11-03T23:57:29.445Z - info: Displaying items for home page || anonymous user
2016-11-03T23:57:29.447Z - info: Displaying items for home page || anonymous user
2016-11-03T23:57:29.449Z - info: Displaying items for home page || anonymous user
2016-11-03T23:57:29.450Z - info: Displaying items for home page || anonymous user
2016-11-03T23:57:29.452Z - info: Displaying items for home page || anonymous user
2016-11-03T23:57:29.454Z - info: Displaying items for home page || anonymous user
2016-11-03T23:57:29.457Z - info: Displaying items for home page || anonymous user
2016-11-03T23:57:29.460Z - info: Displaying items for home page || anonymous user
2016-11-03T23:57:29.462Z - info: Displaying items for home page || anonymous user
2016-11-03T23:57:29.467Z - info: Displaying items for home page || anonymous user
2016-11-03T23:57:29.469Z - info: Displaying items for home page || anonymous user
2016-11-03T23:57:29.471Z - info: Displaying items for home page || anonymous user
2016-11-03T23:57:29.473Z - info: Displaying items for home page || anonymous user
2016-11-03T23:57:29.474Z - info: Displaying items for home page || anonymous user
2016-11-03T23:57:29.476Z - info: Displaying items for home page || anonymous user
2016-11-03T23:57:29.478Z - info: Displaying items for home page || anonymous user
2016-11-03T23:57:29.479Z - info: Displaying items for home page || anonymous user
2016-11-03T23:57:29.481Z - info: Displaying items for home page || anonymous user
2016-11-03T23:57:29.482Z - info: Displaying items for home page || anonymous user
2016-11-03T23:57:29.484Z - info: Displaying items for home page || anonymous user
2016-11-03T23:57:29.487Z - info: Displaying items for home page || anonymous user
2016-11-03T23:57:29.490Z - info: Displaying items for home page || anonymous user
2016-11-03T23:57:29.494Z - info: Displaying items for home page || anonymous user
2016-11-03T23:57:29.497Z - info: Displaying items for home page || anonymous user
2016-11-03T23:57:29.499Z - info: Displaying items for home page || anonymous user
2016-11-03T23:57:29.501Z - info: Displaying items for home page || anonymous user
2016-11-03T23:57:29.504Z - info: Displaying items for home page || anonymous user
2016-11-03T23:57:29.506Z - info: Displaying items for home page || anonymous user
2016-11-03T23:57:29.509Z - info: Displaying items for home page || anonymous user
2016-11-03T23:57:29.512Z - info: Displaying items for home page || anonymous user
2016-11-03T23:57:29.514Z - info: Displaying items for home page || anonymous user
2016-11-03T23:57:29.516Z - info: Displaying items for home page || anonymous user
2016-11-03T23:57:29.519Z - info: Displaying items for home page || anonymous user
2016-11-03T23:57:29.521Z - info: Displaying items for home page || anonymous user
2016-11-03T23:57:29.523Z - info: Displaying items for home page || anonymous user
2016-11-03T23:57:29.525Z - info: Displaying items for home page || anonymous user
2016-11-03T23:57:29.527Z - info: Displaying items for home page || anonymous user
2016-11-03T23:57:29.530Z - info: Displaying items for home page || anonymous user
2016-11-03T23:57:29.532Z - info: Displaying items for home page || anonymous user
2016-11-03T23:57:29.537Z - info: Displaying items for home page || anonymous user
2016-11-03T23:57:29.539Z - info: Displaying items for home page || anonymous user
2016-11-03T23:57:29.541Z - info: Displaying items for home page || anonymous user
2016-11-03T23:57:29.543Z - info: Displaying items for home page || anonymous user
2016-11-03T23:57:29.546Z - info: Displaying items for home page || anonymous user
2016-11-03T23:57:29.550Z - info: Displaying items for home page || anonymous user
2016-11-03T23:57:29.553Z - info: Displaying items for home page || anonymous user
2016-11-03T23:57:29.556Z - info: Displaying items for home page || anonymous user
2016-11-03T23:57:29.558Z - info: Displaying items for home page || anonymous user
2016-11-03T23:57:29.560Z - info: Displaying items for home page || anonymous user
2016-11-03T23:57:29.562Z - info: Displaying items for home page || anonymous user
2016-11-03T23:57:29.564Z - info: Displaying items for home page || anonymous user
2016-11-03T23:57:29.567Z - info: Displaying items for home page || anonymous user
2016-11-03T23:57:29.570Z - info: Displaying items for home page || anonymous user
2016-11-03T23:57:29.869Z - info: Displaying items for home page || anonymous user
2016-11-03T23:57:29.873Z - info: Displaying items for home page || anonymous user
2016-11-03T23:57:29.879Z - info: Displaying items for home page || anonymous user
2016-11-03T23:57:29.888Z - info: Displaying items for home page || anonymous user
2016-11-03T23:57:29.908Z - info: Displaying items for home page || anonymous user
2016-11-03T23:57:29.917Z - info: Displaying items for home page || anonymous user
2016-11-03T23:57:29.924Z - info: Displaying items for home page || anonymous user
2016-11-03T23:57:29.927Z - info: Displaying items for home page || anonymous user
2016-11-03T23:57:29.930Z - info: Displaying items for home page || anonymous user
2016-11-03T23:57:29.934Z - info: Displaying items for home page || anonymous user
2016-11-03T23:57:29.941Z - info: Displaying items for home page || anonymous user
2016-11-03T23:57:29.945Z - info: Displaying items for home page || anonymous user
2016-11-03T23:57:29.948Z - info: Displaying items for home page || anonymous user
2016-11-03T23:57:29.951Z - info: Displaying items for home page || anonymous user
2016-11-03T23:57:29.956Z - info: Displaying items for home page || anonymous user
2016-11-03T23:57:29.958Z - info: Displaying items for home page || anonymous user
2016-11-03T23:57:29.964Z - info: Displaying items for home page || anonymous user
2016-11-03T23:57:29.968Z - info: Displaying items for home page || anonymous user
2016-11-03T23:57:29.976Z - info: Displaying items for home page || anonymous user
2016-11-03T23:57:29.979Z - info: Displaying items for home page || anonymous user
2016-11-03T23:57:29.983Z - info: Displaying items for home page || anonymous user
2016-11-03T23:57:29.987Z - info: Displaying items for home page || anonymous user
2016-11-03T23:57:29.994Z - info: Displaying items for home page || anonymous user
2016-11-03T23:57:29.999Z - info: Displaying items for home page || anonymous user
2016-11-03T23:57:30.008Z - info: Displaying items for home page || anonymous user
2016-11-03T23:57:30.013Z - info: Displaying items for home page || anonymous user
2016-11-03T23:57:30.025Z - info: Displaying items for home page || anonymous user
2016-11-03T23:57:30.030Z - info: Displaying items for home page || anonymous user
2016-11-03T23:57:30.042Z - info: Displaying items for home page || anonymous user
2016-11-03T23:57:30.045Z - info: Displaying items for home page || anonymous user
2016-11-03T23:57:30.049Z - info: Displaying items for home page || anonymous user
2016-11-03T23:57:30.053Z - info: Displaying items for home page || anonymous user
2016-11-03T23:57:30.421Z - info: Displaying items for home page || anonymous user
2016-11-03T23:57:30.437Z - info: Displaying items for home page || anonymous user
2016-11-03T23:57:30.441Z - info: Displaying items for home page || anonymous user
2016-11-03T23:57:30.451Z - info: Displaying items for home page || anonymous user
2016-11-03T23:57:30.454Z - info: Displaying items for home page || anonymous user
2016-11-03T23:57:30.457Z - info: Displaying items for home page || anonymous user
2016-11-03T23:57:30.460Z - info: Displaying items for home page || anonymous user
2016-11-03T23:57:30.462Z - info: Displaying items for home page || anonymous user
2016-11-03T23:57:30.464Z - info: Displaying items for home page || anonymous user
2016-11-03T23:57:30.468Z - info: Displaying items for home page || anonymous user
2016-11-03T23:57:30.474Z - info: Displaying items for home page || anonymous user
2016-11-03T23:57:30.479Z - info: Displaying items for home page || anonymous user
2016-11-03T23:57:30.482Z - info: Displaying items for home page || anonymous user
2016-11-03T23:57:30.484Z - info: Displaying items for home page || anonymous user
2016-11-03T23:57:30.488Z - info: Displaying items for home page || anonymous user
2016-11-03T23:57:30.492Z - info: Displaying items for home page || anonymous user
2016-11-03T23:57:30.494Z - info: Displaying items for home page || anonymous user
2016-11-03T23:57:30.498Z - info: Displaying items for home page || anonymous user
2016-11-03T23:57:30.500Z - info: Displaying items for home page || anonymous user
2016-11-03T23:57:30.504Z - info: Displaying items for home page || anonymous user
2016-11-03T23:57:30.507Z - info: Displaying items for home page || anonymous user
2016-11-03T23:57:30.518Z - info: Displaying items for home page || anonymous user
2016-11-03T23:57:30.523Z - info: Displaying items for home page || anonymous user
2016-11-03T23:57:30.542Z - info: Displaying items for home page || anonymous user
2016-11-03T23:57:30.545Z - info: Displaying items for home page || anonymous user
2016-11-03T23:57:30.548Z - info: Displaying items for home page || anonymous user
2016-11-03T23:57:30.552Z - info: Displaying items for home page || anonymous user
2016-11-03T23:57:30.556Z - info: Displaying items for home page || anonymous user
2016-11-03T23:57:30.562Z - info: Displaying items for home page || anonymous user
2016-11-03T23:57:30.566Z - info: Displaying items for home page || anonymous user
2016-11-03T23:57:30.569Z - info: Displaying items for home page || anonymous user
2016-11-03T23:57:30.572Z - info: Displaying items for home page || anonymous user
2016-11-03T23:57:30.576Z - info: Displaying items for home page || anonymous user
2016-11-03T23:57:30.579Z - info: Displaying items for home page || anonymous user
2016-11-03T23:57:30.584Z - info: Displaying items for home page || anonymous user
2016-11-03T23:57:30.589Z - info: Displaying items for home page || anonymous user
2016-11-03T23:57:30.599Z - info: Displaying items for home page || anonymous user
2016-11-03T23:57:30.604Z - info: Displaying items for home page || anonymous user
2016-11-03T23:57:30.615Z - info: Displaying items for home page || anonymous user
2016-11-03T23:57:30.621Z - info: Displaying items for home page || anonymous user
2016-11-03T23:57:30.629Z - info: Displaying items for home page || anonymous user
2016-11-03T23:57:30.640Z - info: Displaying items for home page || anonymous user
2016-11-03T23:57:30.664Z - info: Displaying items for home page || anonymous user
2016-11-03T23:57:30.668Z - info: Displaying items for home page || anonymous user
2016-11-03T23:57:30.674Z - info: Displaying items for home page || anonymous user
2016-11-03T23:57:30.677Z - info: Displaying items for home page || anonymous user
2016-11-03T23:57:30.680Z - info: Displaying items for home page || anonymous user
2016-11-03T23:57:30.682Z - info: Displaying items for home page || anonymous user
2016-11-03T23:57:30.685Z - info: Displaying items for home page || anonymous user
2016-11-03T23:57:30.689Z - info: Displaying items for home page || anonymous user
2016-11-03T23:57:30.692Z - info: Displaying items for home page || anonymous user
2016-11-03T23:57:30.696Z - info: Displaying items for home page || anonymous user
2016-11-03T23:57:30.700Z - info: Displaying items for home page || anonymous user
2016-11-03T23:57:30.710Z - info: Displaying items for home page || anonymous user
2016-11-03T23:57:30.714Z - info: Displaying items for home page || anonymous user
2016-11-03T23:57:30.719Z - info: Displaying items for home page || anonymous user
2016-11-03T23:57:30.723Z - info: Displaying items for home page || anonymous user
2016-11-03T23:57:30.726Z - info: Displaying items for home page || anonymous user
2016-11-03T23:57:30.729Z - info: Displaying items for home page || anonymous user
2016-11-03T23:57:30.732Z - info: Displaying items for home page || anonymous user
2016-11-03T23:57:30.735Z - info: Displaying items for home page || anonymous user
2016-11-03T23:57:30.739Z - info: Displaying items for home page || anonymous user
2016-11-03T23:57:30.742Z - info: Displaying items for home page || anonymous user
2016-11-03T23:57:30.744Z - info: Displaying items for home page || anonymous user
2016-11-03T23:57:31.113Z - info: Displaying items for home page || anonymous user
2016-11-03T23:57:31.120Z - info: Displaying items for home page || anonymous user
2016-11-03T23:57:31.123Z - info: Displaying items for home page || anonymous user
2016-11-03T23:57:31.126Z - info: Displaying items for home page || anonymous user
2016-11-03T23:57:31.129Z - info: Displaying items for home page || anonymous user
2016-11-03T23:57:31.137Z - info: Displaying items for home page || anonymous user
2016-11-03T23:57:31.140Z - info: Displaying items for home page || anonymous user
2016-11-03T23:57:31.143Z - info: Displaying items for home page || anonymous user
2016-11-03T23:57:31.146Z - info: Displaying items for home page || anonymous user
2016-11-03T23:57:31.151Z - info: Displaying items for home page || anonymous user
2016-11-03T23:57:31.162Z - info: Displaying items for home page || anonymous user
2016-11-03T23:57:31.165Z - info: Displaying items for home page || anonymous user
2016-11-03T23:57:31.168Z - info: Displaying items for home page || anonymous user
2016-11-03T23:57:31.174Z - info: Displaying items for home page || anonymous user
2016-11-03T23:57:31.180Z - info: Displaying items for home page || anonymous user
2016-11-03T23:57:31.183Z - info: Displaying items for home page || anonymous user
2016-11-03T23:57:31.187Z - info: Displaying items for home page || anonymous user
2016-11-03T23:57:31.189Z - info: Displaying items for home page || anonymous user
2016-11-03T23:57:31.199Z - info: Displaying items for home page || anonymous user
2016-11-03T23:57:31.204Z - info: Displaying items for home page || anonymous user
2016-11-03T23:57:31.207Z - info: Displaying items for home page || anonymous user
2016-11-03T23:57:31.210Z - info: Displaying items for home page || anonymous user
2016-11-03T23:57:31.213Z - info: Displaying items for home page || anonymous user
2016-11-03T23:57:31.216Z - info: Displaying items for home page || anonymous user
2016-11-03T23:57:31.219Z - info: Displaying items for home page || anonymous user
2016-11-03T23:57:31.221Z - info: Displaying items for home page || anonymous user
2016-11-03T23:57:31.225Z - info: Displaying items for home page || anonymous user
2016-11-03T23:57:31.228Z - info: Displaying items for home page || anonymous user
2016-11-03T23:57:31.230Z - info: Displaying items for home page || anonymous user
2016-11-03T23:57:31.233Z - info: Displaying items for home page || anonymous user
2016-11-03T23:57:31.235Z - info: Displaying items for home page || anonymous user
2016-11-03T23:57:31.239Z - info: Displaying items for home page || anonymous user
2016-11-03T23:57:31.486Z - info: Displaying items for home page || anonymous user
2016-11-03T23:57:31.488Z - info: Displaying items for home page || anonymous user
2016-11-03T23:57:31.491Z - info: Displaying items for home page || anonymous user
2016-11-03T23:57:31.495Z - info: Displaying items for home page || anonymous user
2016-11-03T23:57:31.504Z - info: Displaying items for home page || anonymous user
2016-11-03T23:57:31.507Z - info: Displaying items for home page || anonymous user
2016-11-03T23:57:31.510Z - info: Displaying items for home page || anonymous user
2016-11-03T23:57:31.513Z - info: Displaying items for home page || anonymous user
2016-11-03T23:57:31.549Z - info: Displaying items for home page || anonymous user
2016-11-03T23:57:31.562Z - info: Displaying items for home page || anonymous user
2016-11-03T23:57:31.566Z - info: Displaying items for home page || anonymous user
2016-11-03T23:57:31.569Z - info: Displaying items for home page || anonymous user
2016-11-03T23:57:31.571Z - info: Displaying items for home page || anonymous user
2016-11-03T23:57:31.574Z - info: Displaying items for home page || anonymous user
2016-11-03T23:57:31.577Z - info: Displaying items for home page || anonymous user
2016-11-03T23:57:31.579Z - info: Displaying items for home page || anonymous user
2016-11-03T23:57:31.581Z - info: Displaying items for home page || anonymous user
2016-11-03T23:57:31.584Z - info: Displaying items for home page || anonymous user
2016-11-03T23:57:31.590Z - info: Displaying items for home page || anonymous user
2016-11-03T23:57:31.598Z - info: Displaying items for home page || anonymous user
2016-11-03T23:57:31.601Z - info: Displaying items for home page || anonymous user
2016-11-03T23:57:31.623Z - info: Displaying items for home page || anonymous user
2016-11-03T23:57:31.625Z - info: Displaying items for home page || anonymous user
2016-11-03T23:57:31.628Z - info: Displaying items for home page || anonymous user
2016-11-03T23:57:31.630Z - info: Displaying items for home page || anonymous user
2016-11-03T23:57:31.632Z - info: Displaying items for home page || anonymous user
2016-11-03T23:57:31.634Z - info: Displaying items for home page || anonymous user
2016-11-03T23:57:31.637Z - info: Displaying items for home page || anonymous user
2016-11-03T23:57:31.640Z - info: Displaying items for home page || anonymous user
2016-11-03T23:57:31.644Z - info: Displaying items for home page || anonymous user
2016-11-03T23:57:31.646Z - info: Displaying items for home page || anonymous user
2016-11-03T23:57:31.648Z - info: Displaying items for home page || anonymous user
2016-11-03T23:57:31.649Z - info: Displaying items for home page || anonymous user
2016-11-03T23:57:31.654Z - info: Displaying items for home page || anonymous user
2016-11-03T23:57:31.658Z - info: Displaying items for home page || anonymous user
2016-11-03T23:57:31.660Z - info: Displaying items for home page || anonymous user
2016-11-03T23:57:31.668Z - info: Displaying items for home page || anonymous user
2016-11-03T23:57:31.671Z - info: Displaying items for home page || anonymous user
2016-11-03T23:57:31.676Z - info: Displaying items for home page || anonymous user
2016-11-03T23:57:31.678Z - info: Displaying items for home page || anonymous user
2016-11-03T23:57:31.683Z - info: Displaying items for home page || anonymous user
2016-11-03T23:57:31.685Z - info: Displaying items for home page || anonymous user
2016-11-03T23:57:31.688Z - info: Displaying items for home page || anonymous user
2016-11-03T23:57:31.691Z - info: Displaying items for home page || anonymous user
2016-11-03T23:57:31.694Z - info: Displaying items for home page || anonymous user
2016-11-03T23:57:31.698Z - info: Displaying items for home page || anonymous user
2016-11-03T23:57:31.704Z - info: Displaying items for home page || anonymous user
2016-11-03T23:57:31.708Z - info: Displaying items for home page || anonymous user
2016-11-03T23:57:31.710Z - info: Displaying items for home page || anonymous user
2016-11-03T23:57:31.712Z - info: Displaying items for home page || anonymous user
2016-11-03T23:57:31.715Z - info: Displaying items for home page || anonymous user
2016-11-03T23:57:31.718Z - info: Displaying items for home page || anonymous user
2016-11-03T23:57:31.720Z - info: Displaying items for home page || anonymous user
2016-11-03T23:57:31.722Z - info: Displaying items for home page || anonymous user
2016-11-03T23:57:31.725Z - info: Displaying items for home page || anonymous user
2016-11-03T23:57:31.728Z - info: Displaying items for home page || anonymous user
2016-11-03T23:57:31.730Z - info: Displaying items for home page || anonymous user
2016-11-03T23:57:31.732Z - info: Displaying items for home page || anonymous user
2016-11-03T23:57:31.734Z - info: Displaying items for home page || anonymous user
2016-11-03T23:57:31.737Z - info: Displaying items for home page || anonymous user
2016-11-03T23:57:31.740Z - info: Displaying items for home page || anonymous user
2016-11-03T23:57:31.742Z - info: Displaying items for home page || anonymous user
2016-11-03T23:57:31.744Z - info: Displaying items for home page || anonymous user
2016-11-03T23:57:31.746Z - info: Displaying items for home page || anonymous user
2016-11-03T23:57:32.160Z - info: Displaying items for home page || anonymous user
2016-11-03T23:57:32.163Z - info: Displaying items for home page || anonymous user
2016-11-03T23:57:32.171Z - info: Displaying items for home page || anonymous user
2016-11-03T23:57:32.173Z - info: Displaying items for home page || anonymous user
2016-11-03T23:57:32.177Z - info: Displaying items for home page || anonymous user
2016-11-03T23:57:32.183Z - info: Displaying items for home page || anonymous user
2016-11-03T23:57:32.187Z - info: Displaying items for home page || anonymous user
2016-11-03T23:57:32.190Z - info: Displaying items for home page || anonymous user
2016-11-03T23:57:32.207Z - info: Displaying items for home page || anonymous user
2016-11-03T23:57:32.212Z - info: Displaying items for home page || anonymous user
2016-11-03T23:57:32.219Z - info: Displaying items for home page || anonymous user
2016-11-03T23:57:32.222Z - info: Displaying items for home page || anonymous user
2016-11-03T23:57:32.224Z - info: Displaying items for home page || anonymous user
2016-11-03T23:57:32.227Z - info: Displaying items for home page || anonymous user
2016-11-03T23:57:32.229Z - info: Displaying items for home page || anonymous user
2016-11-03T23:57:32.230Z - info: Displaying items for home page || anonymous user
2016-11-03T23:57:32.234Z - info: Displaying items for home page || anonymous user
2016-11-03T23:57:32.238Z - info: Displaying items for home page || anonymous user
2016-11-03T23:57:32.243Z - info: Displaying items for home page || anonymous user
2016-11-03T23:57:32.251Z - info: Displaying items for home page || anonymous user
2016-11-03T23:57:32.278Z - info: Displaying items for home page || anonymous user
2016-11-03T23:57:32.284Z - info: Displaying items for home page || anonymous user
2016-11-03T23:57:32.315Z - info: Displaying items for home page || anonymous user
2016-11-03T23:57:32.320Z - info: Displaying items for home page || anonymous user
2016-11-03T23:57:32.329Z - info: Displaying items for home page || anonymous user
2016-11-03T23:57:32.342Z - info: Displaying items for home page || anonymous user
2016-11-03T23:57:32.351Z - info: Displaying items for home page || anonymous user
2016-11-03T23:57:32.354Z - info: Displaying items for home page || anonymous user
2016-11-03T23:57:32.360Z - info: Displaying items for home page || anonymous user
2016-11-03T23:57:32.379Z - info: Displaying items for home page || anonymous user
2016-11-03T23:57:32.382Z - info: Displaying items for home page || anonymous user
2016-11-03T23:57:32.386Z - info: Displaying items for home page || anonymous user
2016-11-03T23:57:32.628Z - info: Displaying items for home page || anonymous user
2016-11-03T23:57:32.631Z - info: Displaying items for home page || anonymous user
2016-11-03T23:57:32.633Z - info: Displaying items for home page || anonymous user
2016-11-03T23:57:32.636Z - info: Displaying items for home page || anonymous user
2016-11-03T23:57:32.638Z - info: Displaying items for home page || anonymous user
2016-11-03T23:57:32.641Z - info: Displaying items for home page || anonymous user
2016-11-03T23:57:32.642Z - info: Displaying items for home page || anonymous user
2016-11-03T23:57:32.644Z - info: Displaying items for home page || anonymous user
2016-11-03T23:57:32.646Z - info: Displaying items for home page || anonymous user
2016-11-03T23:57:32.649Z - info: Displaying items for home page || anonymous user
2016-11-03T23:57:32.652Z - info: Displaying items for home page || anonymous user
2016-11-03T23:57:32.657Z - info: Displaying items for home page || anonymous user
2016-11-03T23:57:32.660Z - info: Displaying items for home page || anonymous user
2016-11-03T23:57:32.663Z - info: Displaying items for home page || anonymous user
2016-11-03T23:57:32.665Z - info: Displaying items for home page || anonymous user
2016-11-03T23:57:32.668Z - info: Displaying items for home page || anonymous user
2016-11-03T23:57:32.679Z - info: Displaying items for home page || anonymous user
2016-11-03T23:57:32.681Z - info: Displaying items for home page || anonymous user
2016-11-03T23:57:32.684Z - info: Displaying items for home page || anonymous user
2016-11-03T23:57:32.691Z - info: Displaying items for home page || anonymous user
2016-11-03T23:57:32.693Z - info: Displaying items for home page || anonymous user
2016-11-03T23:57:32.698Z - info: Displaying items for home page || anonymous user
2016-11-03T23:57:32.701Z - info: Displaying items for home page || anonymous user
2016-11-03T23:57:32.703Z - info: Displaying items for home page || anonymous user
2016-11-03T23:57:32.705Z - info: Displaying items for home page || anonymous user
2016-11-03T23:57:32.708Z - info: Displaying items for home page || anonymous user
2016-11-03T23:57:32.712Z - info: Displaying items for home page || anonymous user
2016-11-03T23:57:32.714Z - info: Displaying items for home page || anonymous user
2016-11-03T23:57:32.716Z - info: Displaying items for home page || anonymous user
2016-11-03T23:57:32.718Z - info: Displaying items for home page || anonymous user
2016-11-03T23:57:32.721Z - info: Displaying items for home page || anonymous user
2016-11-03T23:57:32.726Z - info: Displaying items for home page || anonymous user
2016-11-03T23:57:34.550Z - info: Displaying items for home page || anonymous user
2016-11-03T23:57:34.559Z - info: Displaying items for home page || anonymous user
2016-11-03T23:57:34.562Z - info: Displaying items for home page || anonymous user
2016-11-03T23:57:34.564Z - info: Displaying items for home page || anonymous user
2016-11-03T23:57:34.566Z - info: Displaying items for home page || anonymous user
2016-11-03T23:57:34.568Z - info: Displaying items for home page || anonymous user
2016-11-03T23:57:34.570Z - info: Displaying items for home page || anonymous user
2016-11-03T23:57:34.573Z - info: Displaying items for home page || anonymous user
2016-11-03T23:57:34.575Z - info: Displaying items for home page || anonymous user
2016-11-03T23:57:34.577Z - info: Displaying items for home page || anonymous user
2016-11-03T23:57:34.581Z - info: Displaying items for home page || anonymous user
2016-11-03T23:57:34.628Z - info: Displaying items for home page || anonymous user
2016-11-03T23:57:34.632Z - info: Displaying items for home page || anonymous user
2016-11-03T23:57:34.634Z - info: Displaying items for home page || anonymous user
2016-11-03T23:57:34.636Z - info: Displaying items for home page || anonymous user
2016-11-03T23:57:34.638Z - info: Displaying items for home page || anonymous user
2016-11-03T23:57:34.640Z - info: Displaying items for home page || anonymous user
2016-11-03T23:57:34.642Z - info: Displaying items for home page || anonymous user
2016-11-03T23:57:34.644Z - info: Displaying items for home page || anonymous user
2016-11-03T23:57:34.645Z - info: Displaying items for home page || anonymous user
2016-11-03T23:57:34.647Z - info: Displaying items for home page || anonymous user
2016-11-03T23:57:34.652Z - info: Displaying items for home page || anonymous user
2016-11-03T23:57:34.654Z - info: Displaying items for home page || anonymous user
2016-11-03T23:57:34.656Z - info: Displaying items for home page || anonymous user
2016-11-03T23:57:34.658Z - info: Displaying items for home page || anonymous user
2016-11-03T23:57:34.660Z - info: Displaying items for home page || anonymous user
2016-11-03T23:57:34.662Z - info: Displaying items for home page || anonymous user
2016-11-03T23:57:34.664Z - info: Displaying items for home page || anonymous user
2016-11-03T23:57:34.666Z - info: Displaying items for home page || anonymous user
2016-11-03T23:57:34.668Z - info: Displaying items for home page || anonymous user
2016-11-03T23:57:34.672Z - info: Displaying items for home page || anonymous user
2016-11-03T23:57:34.674Z - info: Displaying items for home page || anonymous user
2016-11-03T23:57:34.675Z - info: Displaying items for home page || anonymous user
2016-11-03T23:57:34.677Z - info: Displaying items for home page || anonymous user
2016-11-03T23:57:34.680Z - info: Displaying items for home page || anonymous user
2016-11-03T23:57:34.682Z - info: Displaying items for home page || anonymous user
2016-11-03T23:57:34.684Z - info: Displaying items for home page || anonymous user
2016-11-03T23:57:34.686Z - info: Displaying items for home page || anonymous user
2016-11-03T23:57:34.689Z - info: Displaying items for home page || anonymous user
2016-11-03T23:57:34.693Z - info: Displaying items for home page || anonymous user
2016-11-03T23:57:34.696Z - info: Displaying items for home page || anonymous user
2016-11-03T23:57:34.705Z - info: Displaying items for home page || anonymous user
2016-11-03T23:57:34.708Z - info: Displaying items for home page || anonymous user
2016-11-03T23:57:34.710Z - info: Displaying items for home page || anonymous user
2016-11-03T23:57:34.718Z - info: Displaying items for home page || anonymous user
2016-11-03T23:57:34.723Z - info: Displaying items for home page || anonymous user
2016-11-03T23:57:34.725Z - info: Displaying items for home page || anonymous user
2016-11-03T23:57:34.728Z - info: Displaying items for home page || anonymous user
2016-11-03T23:57:34.730Z - info: Displaying items for home page || anonymous user
2016-11-03T23:57:34.733Z - info: Displaying items for home page || anonymous user
2016-11-03T23:57:34.735Z - info: Displaying items for home page || anonymous user
2016-11-03T23:57:34.741Z - info: Displaying items for home page || anonymous user
2016-11-03T23:59:40.393Z - info: Displaying items for home page || anonymous user
2016-11-03T23:59:40.396Z - info: Displaying items for home page || anonymous user
2016-11-03T23:59:40.399Z - info: Displaying items for home page || anonymous user
2016-11-03T23:59:40.403Z - info: Displaying items for home page || anonymous user
2016-11-03T23:59:40.405Z - info: Displaying items for home page || anonymous user
2016-11-03T23:59:40.409Z - info: Displaying items for home page || anonymous user
2016-11-03T23:59:40.417Z - info: Displaying items for home page || anonymous user
2016-11-03T23:59:40.420Z - info: Displaying items for home page || anonymous user
2016-11-03T23:59:40.423Z - info: Displaying items for home page || anonymous user
2016-11-03T23:59:40.425Z - info: Displaying items for home page || anonymous user
2016-11-03T23:59:40.430Z - info: Displaying items for home page || anonymous user
2016-11-03T23:59:40.434Z - info: Displaying items for home page || anonymous user
2016-11-03T23:59:40.599Z - info: Displaying items for home page || anonymous user
2016-11-03T23:59:40.603Z - info: Displaying items for home page || anonymous user
2016-11-03T23:59:40.605Z - info: Displaying items for home page || anonymous user
2016-11-03T23:59:40.827Z - info: Displaying items for home page || anonymous user
2016-11-03T23:59:40.830Z - info: Displaying items for home page || anonymous user
2016-11-03T23:59:40.832Z - info: Displaying items for home page || anonymous user
2016-11-03T23:59:40.838Z - info: Displaying items for home page || anonymous user
2016-11-03T23:59:40.841Z - info: Displaying items for home page || anonymous user
2016-11-03T23:59:40.845Z - info: Displaying items for home page || anonymous user
2016-11-03T23:59:40.849Z - info: Displaying items for home page || anonymous user
2016-11-03T23:59:40.853Z - info: Displaying items for home page || anonymous user
2016-11-03T23:59:40.857Z - info: Displaying items for home page || anonymous user
2016-11-03T23:59:40.889Z - info: Displaying items for home page || anonymous user
2016-11-03T23:59:40.892Z - info: Displaying items for home page || anonymous user
2016-11-03T23:59:40.897Z - info: Displaying items for home page || anonymous user
2016-11-03T23:59:40.905Z - info: Displaying items for home page || anonymous user
2016-11-03T23:59:41.129Z - info: Displaying items for home page || anonymous user
2016-11-03T23:59:41.132Z - info: Displaying items for home page || anonymous user
2016-11-03T23:59:41.135Z - info: Displaying items for home page || anonymous user
2016-11-03T23:59:41.138Z - info: Displaying items for home page || anonymous user
2016-11-03T23:59:41.141Z - info: Displaying items for home page || anonymous user
2016-11-03T23:59:41.143Z - info: Displaying items for home page || anonymous user
2016-11-03T23:59:41.147Z - info: Displaying items for home page || anonymous user
2016-11-03T23:59:41.150Z - info: Displaying items for home page || anonymous user
2016-11-03T23:59:41.154Z - info: Displaying items for home page || anonymous user
2016-11-03T23:59:41.158Z - info: Displaying items for home page || anonymous user
2016-11-03T23:59:41.160Z - info: Displaying items for home page || anonymous user
2016-11-03T23:59:41.163Z - info: Displaying items for home page || anonymous user
2016-11-03T23:59:41.169Z - info: Displaying items for home page || anonymous user
2016-11-03T23:59:41.416Z - info: Displaying items for home page || anonymous user
2016-11-03T23:59:41.423Z - info: Displaying items for home page || anonymous user
2016-11-03T23:59:41.426Z - info: Displaying items for home page || anonymous user
2016-11-03T23:59:41.433Z - info: Displaying items for home page || anonymous user
2016-11-03T23:59:41.440Z - info: Displaying items for home page || anonymous user
2016-11-03T23:59:41.443Z - info: Displaying items for home page || anonymous user
2016-11-03T23:59:41.446Z - info: Displaying items for home page || anonymous user
2016-11-03T23:59:41.448Z - info: Displaying items for home page || anonymous user
2016-11-03T23:59:41.453Z - info: Displaying items for home page || anonymous user
2016-11-03T23:59:41.457Z - info: Displaying items for home page || anonymous user
2016-11-03T23:59:41.461Z - info: Displaying items for home page || anonymous user
2016-11-03T23:59:41.485Z - info: Displaying items for home page || anonymous user
2016-11-03T23:59:41.566Z - info: Displaying items for home page || anonymous user
2016-11-03T23:59:41.569Z - info: Displaying items for home page || anonymous user
2016-11-03T23:59:41.572Z - info: Displaying items for home page || anonymous user
2016-11-03T23:59:41.574Z - info: Displaying items for home page || anonymous user
2016-11-03T23:59:41.575Z - info: Displaying items for home page || anonymous user
2016-11-03T23:59:41.578Z - info: Displaying items for home page || anonymous user
2016-11-03T23:59:41.580Z - info: Displaying items for home page || anonymous user
2016-11-03T23:59:41.712Z - info: Displaying items for home page || anonymous user
2016-11-03T23:59:41.713Z - info: Displaying items for home page || anonymous user
2016-11-03T23:59:41.715Z - info: Displaying items for home page || anonymous user
2016-11-03T23:59:41.718Z - info: Displaying items for home page || anonymous user
2016-11-03T23:59:41.721Z - info: Displaying items for home page || anonymous user
2016-11-03T23:59:41.723Z - info: Displaying items for home page || anonymous user
2016-11-03T23:59:41.725Z - info: Displaying items for home page || anonymous user
2016-11-03T23:59:41.793Z - info: Displaying items for home page || anonymous user
2016-11-03T23:59:41.794Z - info: Displaying items for home page || anonymous user
2016-11-03T23:59:41.795Z - info: Displaying items for home page || anonymous user
2016-11-03T23:59:41.797Z - info: Displaying items for home page || anonymous user
2016-11-03T23:59:41.799Z - info: Displaying items for home page || anonymous user
2016-11-03T23:59:41.801Z - info: Displaying items for home page || anonymous user
2016-11-03T23:59:41.804Z - info: Displaying items for home page || anonymous user
2016-11-03T23:59:41.806Z - info: Displaying items for home page || anonymous user
2016-11-03T23:59:41.809Z - info: Displaying items for home page || anonymous user
2016-11-03T23:59:41.811Z - info: Displaying items for home page || anonymous user
2016-11-03T23:59:41.812Z - info: Displaying items for home page || anonymous user
2016-11-03T23:59:41.815Z - info: Displaying items for home page || anonymous user
2016-11-03T23:59:42.038Z - info: Displaying items for home page || anonymous user
2016-11-03T23:59:42.040Z - info: Displaying items for home page || anonymous user
2016-11-03T23:59:42.044Z - info: Displaying items for home page || anonymous user
2016-11-03T23:59:42.051Z - info: Displaying items for home page || anonymous user
2016-11-03T23:59:42.054Z - info: Displaying items for home page || anonymous user
2016-11-03T23:59:42.059Z - info: Displaying items for home page || anonymous user
2016-11-03T23:59:42.062Z - info: Displaying items for home page || anonymous user
2016-11-03T23:59:42.066Z - info: Displaying items for home page || anonymous user
2016-11-03T23:59:42.070Z - info: Displaying items for home page || anonymous user
2016-11-03T23:59:42.074Z - info: Displaying items for home page || anonymous user
2016-11-03T23:59:42.078Z - info: Displaying items for home page || anonymous user
2016-11-03T23:59:42.081Z - info: Displaying items for home page || anonymous user
2016-11-03T23:59:42.242Z - info: Displaying items for home page || anonymous user
2016-11-03T23:59:42.245Z - info: Displaying items for home page || anonymous user
2016-11-03T23:59:42.248Z - info: Displaying items for home page || anonymous user
2016-11-03T23:59:42.254Z - info: Displaying items for home page || anonymous user
2016-11-03T23:59:42.257Z - info: Displaying items for home page || anonymous user
2016-11-03T23:59:42.260Z - info: Displaying items for home page || anonymous user
2016-11-03T23:59:42.331Z - info: Displaying items for home page || anonymous user
2016-11-03T23:59:42.335Z - info: Displaying items for home page || anonymous user
2016-11-03T23:59:42.337Z - info: Displaying items for home page || anonymous user
2016-11-03T23:59:42.340Z - info: Displaying items for home page || anonymous user
2016-11-03T23:59:42.342Z - info: Displaying items for home page || anonymous user
2016-11-03T23:59:42.348Z - info: Displaying items for home page || anonymous user
2016-11-03T23:59:42.351Z - info: Displaying items for home page || anonymous user
